2020-12-28 13:34:27.071  INFO 8796 --- [restartedMain] c.d.DeptempclientApplication             : No active profile set, falling back to default profiles: default
2020-12-28 13:34:37.658  WARN 8796 --- [restartedMain] o.s.boot.actuate.endpoint.EndpointId     : Endpoint ID 'service-registry' contains invalid characters, please migrate to a valid format.
2020-12-28 13:34:39.202  INFO 8796 --- [restartedMain] o.s.cloud.context.scope.GenericScope     : BeanFactory id=90bd0435-3bb1-301f-99f1-f4c1e8adc9ea
2020-12-28 13:34:54.500  INFO 8796 --- [restartedMain] o.s.b.w.embedded.tomcat.TomcatWebServer  : Tomcat initialized with port(s): 8777 (http)
2020-12-28 13:34:54.843  INFO 8796 --- [restartedMain] o.apache.catalina.core.StandardService   : Starting service [Tomcat]
2020-12-28 13:34:54.846  INFO 8796 --- [restartedMain] org.apache.catalina.core.StandardEngine  : Starting Servlet engine: [Apache Tomcat/9.0.37]
2020-12-28 13:34:54.870  INFO 8796 --- [restartedMain] o.a.catalina.core.AprLifecycleListener   : Loaded Apache Tomcat Native library [1.2.23] using APR version [1.7.0].
2020-12-28 13:34:54.873  INFO 8796 --- [restartedMain] o.a.catalina.core.AprLifecycleListener   : APR capabilities: IPv6 [true], sendfile [true], accept filters [false], random [true].
2020-12-28 13:34:54.874  INFO 8796 --- [restartedMain] o.a.catalina.core.AprLifecycleListener   : APR/OpenSSL configuration: useAprConnector [false], useOpenSSL [true]
2020-12-28 13:34:55.168  INFO 8796 --- [restartedMain] o.a.catalina.core.AprLifecycleListener   : OpenSSL successfully initialized [OpenSSL 1.1.1c  28 May 2019]
2020-12-28 13:34:59.374  INFO 8796 --- [restartedMain] org.apache.jasper.servlet.TldScanner     : At least one JAR was scanned for TLDs yet contained no TLDs. Enable debug logging for this logger for a complete list of JARs that were scanned but no TLDs were found in them. Skipping unneeded JARs during scanning can improve startup time and JSP compilation time.
2020-12-28 13:34:59.412  INFO 8796 --- [restartedMain] o.a.c.c.C.[Tomcat].[localhost].[/]       : Initializing Spring embedded WebApplicationContext
2020-12-28 13:34:59.415  INFO 8796 --- [restartedMain] w.s.c.ServletWebServerApplicationContext : Root WebApplicationContext: initialization completed in 31909 ms
2020-12-28 13:35:00.829  WARN 8796 --- [restartedMain] c.n.c.sources.URLConfigurationSource     : No URLs will be polled as dynamic configuration sources.
2020-12-28 13:35:00.829  INFO 8796 --- [restartedMain] c.n.c.sources.URLConfigurationSource     : To enable URLs as dynamic configuration sources, define System property archaius.configurationSource.additionalUrls or make config.properties available on classpath.
2020-12-28 13:35:00.869  INFO 8796 --- [restartedMain] c.netflix.config.DynamicPropertyFactory  : DynamicPropertyFactory is initialized with configuration sources: com.netflix.config.ConcurrentCompositeConfiguration@49713163
2020-12-28 13:35:09.571  WARN 8796 --- [restartedMain] o.s.c.n.a.ArchaiusAutoConfiguration      : No spring.application.name found, defaulting to 'application'
2020-12-28 13:35:09.573  WARN 8796 --- [restartedMain] c.n.c.sources.URLConfigurationSource     : No URLs will be polled as dynamic configuration sources.
2020-12-28 13:35:09.573  INFO 8796 --- [restartedMain] c.n.c.sources.URLConfigurationSource     : To enable URLs as dynamic configuration sources, define System property archaius.configurationSource.additionalUrls or make config.properties available on classpath.
2020-12-28 13:35:10.799  INFO 8796 --- [restartedMain] o.s.s.concurrent.ThreadPoolTaskExecutor  : Initializing ExecutorService 'applicationTaskExecutor'
2020-12-28 13:35:13.999  INFO 8796 --- [restartedMain] o.s.cloud.commons.util.InetUtils         : Cannot determine local hostname
2020-12-28 13:35:15.686  WARN 8796 --- [restartedMain] o.s.b.d.a.OptionalLiveReloadServer       : Unable to start LiveReload server
2020-12-28 13:35:17.619  INFO 8796 --- [restartedMain] o.s.cloud.commons.util.InetUtils         : Cannot determine local hostname
2020-12-28 13:35:17.632  INFO 8796 --- [restartedMain] DiscoveryClientOptionalArgsConfiguration : Eureka HTTP Client uses Jersey
2020-12-28 13:35:17.806  WARN 8796 --- [restartedMain] ockingLoadBalancerClientRibbonWarnLogger : You already have RibbonLoadBalancerClient on your classpath. It will be used by default. As Spring Cloud Ribbon is in maintenance mode. We recommend switching to BlockingLoadBalancerClient instead. In order to use it, set the value of `spring.cloud.loadbalancer.ribbon.enabled` to `false` or remove spring-cloud-starter-netflix-ribbon from your project.
2020-12-28 13:35:17.967  INFO 8796 --- [restartedMain] o.s.b.a.e.web.EndpointLinksResolver      : Exposing 2 endpoint(s) beneath base path '/actuator'
2020-12-28 13:35:18.103  INFO 8796 --- [restartedMain] o.s.c.n.eureka.InstanceInfoFactory       : Setting initial instance status as: STARTING
2020-12-28 13:35:18.970  INFO 8796 --- [restartedMain] com.netflix.discovery.DiscoveryClient    : Initializing Eureka in region us-east-1
2020-12-28 13:35:19.493  INFO 8796 --- [restartedMain] c.n.d.provider.DiscoveryJerseyProvider   : Using JSON encoding codec LegacyJacksonJson
2020-12-28 13:35:19.496  INFO 8796 --- [restartedMain] c.n.d.provider.DiscoveryJerseyProvider   : Using JSON decoding codec LegacyJacksonJson
2020-12-28 13:35:21.901  INFO 8796 --- [restartedMain] c.n.d.provider.DiscoveryJerseyProvider   : Using XML encoding codec XStreamXml
2020-12-28 13:35:21.902  INFO 8796 --- [restartedMain] c.n.d.provider.DiscoveryJerseyProvider   : Using XML decoding codec XStreamXml
2020-12-28 13:35:22.991  INFO 8796 --- [restartedMain] c.n.d.s.r.aws.ConfigClusterResolver      : Resolving eureka endpoints via configuration
2020-12-28 13:35:23.991  INFO 8796 --- [restartedMain] com.netflix.discovery.DiscoveryClient    : Disable delta property : false
2020-12-28 13:35:23.992  INFO 8796 --- [restartedMain] com.netflix.discovery.DiscoveryClient    : Single vip registry refresh property : null
2020-12-28 13:35:23.993  INFO 8796 --- [restartedMain] com.netflix.discovery.DiscoveryClient    : Force full registry fetch : false
2020-12-28 13:35:23.993  INFO 8796 --- [restartedMain] com.netflix.discovery.DiscoveryClient    : Application is null : false
2020-12-28 13:35:23.995  INFO 8796 --- [restartedMain] com.netflix.discovery.DiscoveryClient    : Registered Applications size is zero : true
2020-12-28 13:35:23.996  INFO 8796 --- [restartedMain] com.netflix.discovery.DiscoveryClient    : Application version is -1: true
2020-12-28 13:35:23.996  INFO 8796 --- [restartedMain] com.netflix.discovery.DiscoveryClient    : Getting all instance registry info from the eureka server
2020-12-28 13:35:24.794  INFO 8796 --- [restartedMain] com.netflix.discovery.DiscoveryClient    : The response status is 200
2020-12-28 13:35:24.866  INFO 8796 --- [restartedMain] com.netflix.discovery.DiscoveryClient    : Starting heartbeat executor: renew interval is: 30
2020-12-28 13:35:24.874  INFO 8796 --- [restartedMain] c.n.discovery.InstanceInfoReplicator     : InstanceInfoReplicator onDemand update allowed rate per min is 4
2020-12-28 13:35:24.947  INFO 8796 --- [restartedMain] com.netflix.discovery.DiscoveryClient    : Discovery Client initialized at timestamp 1609142724885 with initial instances count: 4
2020-12-28 13:35:24.951  INFO 8796 --- [restartedMain] o.s.c.n.e.s.EurekaServiceRegistry        : Registering application UNKNOWN with eureka with status UP
2020-12-28 13:35:24.954  INFO 8796 --- [restartedMain] com.netflix.discovery.DiscoveryClient    : Saw local status change event StatusChangeEvent [timestamp=1609142724954, current=UP, previous=STARTING]
2020-12-28 13:35:24.966  INFO 8796 --- [DiscoveryClient-InstanceInfoReplicator-0] com.netflix.discovery.DiscoveryClient    : DiscoveryClient_UNKNOWN/localhost:8777: registering service...
2020-12-28 13:35:25.172  INFO 8796 --- [DiscoveryClient-InstanceInfoReplicator-0] com.netflix.discovery.DiscoveryClient    : DiscoveryClient_UNKNOWN/localhost:8777 - registration status: 204
2020-12-28 13:35:25.469  INFO 8796 --- [restartedMain] o.s.b.w.embedded.tomcat.TomcatWebServer  : Tomcat started on port(s): 8777 (http) with context path ''
2020-12-28 13:35:25.470  INFO 8796 --- [restartedMain] .s.c.n.e.s.EurekaAutoServiceRegistration : Updating port to 8777
2020-12-28 13:35:27.897  INFO 8796 --- [restartedMain] o.s.cloud.commons.util.InetUtils         : Cannot determine local hostname
2020-12-28 13:35:27.931  INFO 8796 --- [restartedMain] c.d.DeptempclientApplication             : Started DeptempclientApplication in 78.801 seconds (JVM running for 81.008)
2020-12-28 13:40:24.013  INFO 8796 --- [AsyncResolver-bootstrap-executor-0] c.n.d.s.r.aws.ConfigClusterResolver      : Resolving eureka endpoints via configuration
2020-12-28 13:41:11.354  INFO 8796 --- [http-nio-8777-exec-1] o.a.c.c.C.[Tomcat].[localhost].[/]       : Initializing Spring DispatcherServlet 'dispatcherServlet'
2020-12-28 13:41:11.355  INFO 8796 --- [http-nio-8777-exec-1] o.s.web.servlet.DispatcherServlet        : Initializing Servlet 'dispatcherServlet'
2020-12-28 13:41:11.379  INFO 8796 --- [http-nio-8777-exec-1] o.s.web.servlet.DispatcherServlet        : Completed initialization in 23 ms
2020-12-28 13:41:13.004  INFO 8796 --- [http-nio-8777-exec-2] c.netflix.config.ChainedDynamicProperty  : Flipping property: gateway-service.ribbon.ActiveConnectionsLimit to use NEXT property: niws.loadbalancer.availabilityFilteringRule.activeConnectionsLimit = 2147483647
2020-12-28 13:41:13.187  INFO 8796 --- [http-nio-8777-exec-2] c.n.u.concurrent.ShutdownEnabledTimer    : Shutdown hook installed for: NFLoadBalancer-PingTimer-gateway-service
2020-12-28 13:41:13.189  INFO 8796 --- [http-nio-8777-exec-2] c.netflix.loadbalancer.BaseLoadBalancer  : Client: gateway-service instantiated a LoadBalancer: DynamicServerListLoadBalancer:{NFLoadBalancer:name=gateway-service,current list of Servers=[],Load balancer stats=Zone stats: {},Server stats: []}ServerList:null
2020-12-28 13:41:13.272  INFO 8796 --- [http-nio-8777-exec-2] c.n.l.DynamicServerListLoadBalancer      : Using serverListUpdater PollingServerListUpdater
2020-12-28 13:41:13.388  INFO 8796 --- [http-nio-8777-exec-2] c.netflix.config.ChainedDynamicProperty  : Flipping property: gateway-service.ribbon.ActiveConnectionsLimit to use NEXT property: niws.loadbalancer.availabilityFilteringRule.activeConnectionsLimit = 2147483647
2020-12-28 13:41:13.394  INFO 8796 --- [http-nio-8777-exec-2] c.n.l.DynamicServerListLoadBalancer      : DynamicServerListLoadBalancer for client gateway-service initialized: DynamicServerListLoadBalancer:{NFLoadBalancer:name=gateway-service,current list of Servers=[localhost:8800],Load balancer stats=Zone stats: {defaultzone=[Zone:defaultzone;	Instance count:1;	Active connections count: 0;	Circuit breaker tripped count: 0;	Active connections per server: 0.0;]
},Server stats: [[Server:localhost:8800;	Zone:defaultZone;	Total Requests:0;	Successive connection failure:0;	Total blackout seconds:0;	Last connection made:Thu Jan 01 05:30:00 IST 1970;	First connection made: Thu Jan 01 05:30:00 IST 1970;	Active Connections:0;	total failure count in last (1000) msecs:0;	average resp time:0.0;	90 percentile resp time:0.0;	95 percentile resp time:0.0;	min resp time:0.0;	max resp time:0.0;	stddev resp time:0.0]
]}ServerList:org.springframework.cloud.netflix.ribbon.eureka.DomainExtractingServerList@217d53c5
2020-12-28 13:41:14.294  INFO 8796 --- [PollingServerListUpdater-0] c.netflix.config.ChainedDynamicProperty  : Flipping property: gateway-service.ribbon.ActiveConnectionsLimit to use NEXT property: niws.loadbalancer.availabilityFilteringRule.activeConnectionsLimit = 2147483647
2020-12-28 13:45:24.021  INFO 8796 --- [AsyncResolver-bootstrap-executor-0] c.n.d.s.r.aws.ConfigClusterResolver      : Resolving eureka endpoints via configuration
2020-12-28 13:50:24.050  INFO 8796 --- [AsyncResolver-bootstrap-executor-0] c.n.d.s.r.aws.ConfigClusterResolver      : Resolving eureka endpoints via configuration
2020-12-28 13:55:24.059  INFO 8796 --- [AsyncResolver-bootstrap-executor-0] c.n.d.s.r.aws.ConfigClusterResolver      : Resolving eureka endpoints via configuration
2020-12-28 14:00:24.070  INFO 8796 --- [AsyncResolver-bootstrap-executor-0] c.n.d.s.r.aws.ConfigClusterResolver      : Resolving eureka endpoints via configuration
2020-12-28 14:01:22.014  WARN 8796 --- [http-nio-8777-exec-4] .m.m.a.ExceptionHandlerExceptionResolver : Resolved [com.splunk.HttpException: HTTP 401 -- Remote login disabled because you are using a free license which does not provide authentication. To resolve either switch to the forwarder-only license or the enterprise trial license included with the product. To override this and enable unauthenticated remote management, edit the 'allowRemoteLogin' setting in your server.conf file.]
2020-12-28 14:01:33.641  WARN 8796 --- [http-nio-8777-exec-5] .m.m.a.ExceptionHandlerExceptionResolver : Resolved [com.splunk.HttpException: HTTP 401 -- Remote login disabled because you are using a free license which does not provide authentication. To resolve either switch to the forwarder-only license or the enterprise trial license included with the product. To override this and enable unauthenticated remote management, edit the 'allowRemoteLogin' setting in your server.conf file.]
2020-12-28 14:01:35.683  WARN 8796 --- [http-nio-8777-exec-6] .m.m.a.ExceptionHandlerExceptionResolver : Resolved [com.splunk.HttpException: HTTP 401 -- Remote login disabled because you are using a free license which does not provide authentication. To resolve either switch to the forwarder-only license or the enterprise trial license included with the product. To override this and enable unauthenticated remote management, edit the 'allowRemoteLogin' setting in your server.conf file.]
2020-12-28 14:01:38.312  WARN 8796 --- [http-nio-8777-exec-7] .m.m.a.ExceptionHandlerExceptionResolver : Resolved [com.splunk.HttpException: HTTP 401 -- Remote login disabled because you are using a free license which does not provide authentication. To resolve either switch to the forwarder-only license or the enterprise trial license included with the product. To override this and enable unauthenticated remote management, edit the 'allowRemoteLogin' setting in your server.conf file.]
2020-12-28 14:05:24.158  INFO 8796 --- [AsyncResolver-bootstrap-executor-0] c.n.d.s.r.aws.ConfigClusterResolver      : Resolving eureka endpoints via configuration
2020-12-28 14:10:24.162  INFO 8796 --- [AsyncResolver-bootstrap-executor-0] c.n.d.s.r.aws.ConfigClusterResolver      : Resolving eureka endpoints via configuration
2020-12-28 14:15:24.165  INFO 8796 --- [AsyncResolver-bootstrap-executor-0] c.n.d.s.r.aws.ConfigClusterResolver      : Resolving eureka endpoints via configuration
2020-12-28 15:35:32.093  INFO 12620 --- [restartedMain] c.d.DeptempclientApplication             : No active profile set, falling back to default profiles: default
2020-12-28 15:35:34.627  WARN 12620 --- [restartedMain] o.s.boot.actuate.endpoint.EndpointId     : Endpoint ID 'service-registry' contains invalid characters, please migrate to a valid format.
2020-12-28 15:35:35.912  INFO 12620 --- [restartedMain] o.s.cloud.context.scope.GenericScope     : BeanFactory id=90bd0435-3bb1-301f-99f1-f4c1e8adc9ea
2020-12-28 15:35:38.904  INFO 12620 --- [restartedMain] o.s.b.w.embedded.tomcat.TomcatWebServer  : Tomcat initialized with port(s): 8777 (http)
2020-12-28 15:35:39.004  INFO 12620 --- [restartedMain] o.apache.catalina.core.StandardService   : Starting service [Tomcat]
2020-12-28 15:35:39.007  INFO 12620 --- [restartedMain] org.apache.catalina.core.StandardEngine  : Starting Servlet engine: [Apache Tomcat/9.0.37]
2020-12-28 15:35:39.021  INFO 12620 --- [restartedMain] o.a.catalina.core.AprLifecycleListener   : Loaded Apache Tomcat Native library [1.2.23] using APR version [1.7.0].
2020-12-28 15:35:39.023  INFO 12620 --- [restartedMain] o.a.catalina.core.AprLifecycleListener   : APR capabilities: IPv6 [true], sendfile [true], accept filters [false], random [true].
2020-12-28 15:35:39.024  INFO 12620 --- [restartedMain] o.a.catalina.core.AprLifecycleListener   : APR/OpenSSL configuration: useAprConnector [false], useOpenSSL [true]
2020-12-28 15:35:39.075  INFO 12620 --- [restartedMain] o.a.catalina.core.AprLifecycleListener   : OpenSSL successfully initialized [OpenSSL 1.1.1c  28 May 2019]
2020-12-28 15:35:40.159  INFO 12620 --- [restartedMain] org.apache.jasper.servlet.TldScanner     : At least one JAR was scanned for TLDs yet contained no TLDs. Enable debug logging for this logger for a complete list of JARs that were scanned but no TLDs were found in them. Skipping unneeded JARs during scanning can improve startup time and JSP compilation time.
2020-12-28 15:35:40.179  INFO 12620 --- [restartedMain] o.a.c.c.C.[Tomcat].[localhost].[/]       : Initializing Spring embedded WebApplicationContext
2020-12-28 15:35:40.180  INFO 12620 --- [restartedMain] w.s.c.ServletWebServerApplicationContext : Root WebApplicationContext: initialization completed in 8035 ms
2020-12-28 15:35:40.347  WARN 12620 --- [restartedMain] c.n.c.sources.URLConfigurationSource     : No URLs will be polled as dynamic configuration sources.
2020-12-28 15:35:40.347  INFO 12620 --- [restartedMain] c.n.c.sources.URLConfigurationSource     : To enable URLs as dynamic configuration sources, define System property archaius.configurationSource.additionalUrls or make config.properties available on classpath.
2020-12-28 15:35:40.369  INFO 12620 --- [restartedMain] c.netflix.config.DynamicPropertyFactory  : DynamicPropertyFactory is initialized with configuration sources: com.netflix.config.ConcurrentCompositeConfiguration@6bd80b58
2020-12-28 15:35:42.063  WARN 12620 --- [restartedMain] o.s.c.n.a.ArchaiusAutoConfiguration      : No spring.application.name found, defaulting to 'application'
2020-12-28 15:35:42.064  WARN 12620 --- [restartedMain] c.n.c.sources.URLConfigurationSource     : No URLs will be polled as dynamic configuration sources.
2020-12-28 15:35:42.065  INFO 12620 --- [restartedMain] c.n.c.sources.URLConfigurationSource     : To enable URLs as dynamic configuration sources, define System property archaius.configurationSource.additionalUrls or make config.properties available on classpath.
2020-12-28 15:35:42.671  INFO 12620 --- [restartedMain] o.s.s.concurrent.ThreadPoolTaskExecutor  : Initializing ExecutorService 'applicationTaskExecutor'
2020-12-28 15:35:44.863  INFO 12620 --- [restartedMain] o.s.cloud.commons.util.InetUtils         : Cannot determine local hostname
2020-12-28 15:35:45.398  WARN 12620 --- [restartedMain] o.s.b.d.a.OptionalLiveReloadServer       : Unable to start LiveReload server
2020-12-28 15:35:47.124  INFO 12620 --- [restartedMain] o.s.cloud.commons.util.InetUtils         : Cannot determine local hostname
2020-12-28 15:35:47.151  INFO 12620 --- [restartedMain] DiscoveryClientOptionalArgsConfiguration : Eureka HTTP Client uses Jersey
2020-12-28 15:35:47.239  WARN 12620 --- [restartedMain] ockingLoadBalancerClientRibbonWarnLogger : You already have RibbonLoadBalancerClient on your classpath. It will be used by default. As Spring Cloud Ribbon is in maintenance mode. We recommend switching to BlockingLoadBalancerClient instead. In order to use it, set the value of `spring.cloud.loadbalancer.ribbon.enabled` to `false` or remove spring-cloud-starter-netflix-ribbon from your project.
2020-12-28 15:35:47.317  INFO 12620 --- [restartedMain] o.s.b.a.e.web.EndpointLinksResolver      : Exposing 2 endpoint(s) beneath base path '/actuator'
2020-12-28 15:35:47.385  INFO 12620 --- [restartedMain] o.s.c.n.eureka.InstanceInfoFactory       : Setting initial instance status as: STARTING
2020-12-28 15:35:47.525  INFO 12620 --- [restartedMain] com.netflix.discovery.DiscoveryClient    : Initializing Eureka in region us-east-1
2020-12-28 15:35:47.730  INFO 12620 --- [restartedMain] c.n.d.provider.DiscoveryJerseyProvider   : Using JSON encoding codec LegacyJacksonJson
2020-12-28 15:35:47.731  INFO 12620 --- [restartedMain] c.n.d.provider.DiscoveryJerseyProvider   : Using JSON decoding codec LegacyJacksonJson
2020-12-28 15:35:48.118  INFO 12620 --- [restartedMain] c.n.d.provider.DiscoveryJerseyProvider   : Using XML encoding codec XStreamXml
2020-12-28 15:35:48.118  INFO 12620 --- [restartedMain] c.n.d.provider.DiscoveryJerseyProvider   : Using XML decoding codec XStreamXml
2020-12-28 15:35:48.459  INFO 12620 --- [restartedMain] c.n.d.s.r.aws.ConfigClusterResolver      : Resolving eureka endpoints via configuration
2020-12-28 15:35:48.757  INFO 12620 --- [restartedMain] com.netflix.discovery.DiscoveryClient    : Disable delta property : false
2020-12-28 15:35:48.757  INFO 12620 --- [restartedMain] com.netflix.discovery.DiscoveryClient    : Single vip registry refresh property : null
2020-12-28 15:35:48.758  INFO 12620 --- [restartedMain] com.netflix.discovery.DiscoveryClient    : Force full registry fetch : false
2020-12-28 15:35:48.758  INFO 12620 --- [restartedMain] com.netflix.discovery.DiscoveryClient    : Application is null : false
2020-12-28 15:35:48.758  INFO 12620 --- [restartedMain] com.netflix.discovery.DiscoveryClient    : Registered Applications size is zero : true
2020-12-28 15:35:48.758  INFO 12620 --- [restartedMain] com.netflix.discovery.DiscoveryClient    : Application version is -1: true
2020-12-28 15:35:48.758  INFO 12620 --- [restartedMain] com.netflix.discovery.DiscoveryClient    : Getting all instance registry info from the eureka server
2020-12-28 15:35:49.026  INFO 12620 --- [restartedMain] com.netflix.discovery.DiscoveryClient    : The response status is 200
2020-12-28 15:35:49.029  INFO 12620 --- [restartedMain] com.netflix.discovery.DiscoveryClient    : Starting heartbeat executor: renew interval is: 30
2020-12-28 15:35:49.032  INFO 12620 --- [restartedMain] c.n.discovery.InstanceInfoReplicator     : InstanceInfoReplicator onDemand update allowed rate per min is 4
2020-12-28 15:35:49.036  INFO 12620 --- [restartedMain] com.netflix.discovery.DiscoveryClient    : Discovery Client initialized at timestamp 1609149949035 with initial instances count: 4
2020-12-28 15:35:49.037  INFO 12620 --- [restartedMain] o.s.c.n.e.s.EurekaServiceRegistry        : Registering application UNKNOWN with eureka with status UP
2020-12-28 15:35:49.038  INFO 12620 --- [restartedMain] com.netflix.discovery.DiscoveryClient    : Saw local status change event StatusChangeEvent [timestamp=1609149949038, current=UP, previous=STARTING]
2020-12-28 15:35:49.040  INFO 12620 --- [DiscoveryClient-InstanceInfoReplicator-0] com.netflix.discovery.DiscoveryClient    : DiscoveryClient_UNKNOWN/localhost:8777: registering service...
2020-12-28 15:35:49.113  INFO 12620 --- [DiscoveryClient-InstanceInfoReplicator-0] com.netflix.discovery.DiscoveryClient    : DiscoveryClient_UNKNOWN/localhost:8777 - registration status: 204
2020-12-28 15:35:49.173  INFO 12620 --- [restartedMain] o.s.b.w.embedded.tomcat.TomcatWebServer  : Tomcat started on port(s): 8777 (http) with context path ''
2020-12-28 15:35:49.173  INFO 12620 --- [restartedMain] .s.c.n.e.s.EurekaAutoServiceRegistration : Updating port to 8777
2020-12-28 15:35:50.643  INFO 12620 --- [restartedMain] o.s.cloud.commons.util.InetUtils         : Cannot determine local hostname
2020-12-28 15:35:50.687  INFO 12620 --- [restartedMain] c.d.DeptempclientApplication             : Started DeptempclientApplication in 23.343 seconds (JVM running for 24.286)
2020-12-28 15:37:18.139  INFO 12620 --- [http-nio-8777-exec-1] o.a.c.c.C.[Tomcat].[localhost].[/]       : Initializing Spring DispatcherServlet 'dispatcherServlet'
2020-12-28 15:37:18.140  INFO 12620 --- [http-nio-8777-exec-1] o.s.web.servlet.DispatcherServlet        : Initializing Servlet 'dispatcherServlet'
2020-12-28 15:37:18.152  INFO 12620 --- [http-nio-8777-exec-1] o.s.web.servlet.DispatcherServlet        : Completed initialization in 12 ms
2020-12-28 15:37:20.530  INFO 12620 --- [http-nio-8777-exec-2] c.netflix.config.ChainedDynamicProperty  : Flipping property: gateway-service.ribbon.ActiveConnectionsLimit to use NEXT property: niws.loadbalancer.availabilityFilteringRule.activeConnectionsLimit = 2147483647
2020-12-28 15:37:20.679  INFO 12620 --- [http-nio-8777-exec-2] c.n.u.concurrent.ShutdownEnabledTimer    : Shutdown hook installed for: NFLoadBalancer-PingTimer-gateway-service
2020-12-28 15:37:20.680  INFO 12620 --- [http-nio-8777-exec-2] c.netflix.loadbalancer.BaseLoadBalancer  : Client: gateway-service instantiated a LoadBalancer: DynamicServerListLoadBalancer:{NFLoadBalancer:name=gateway-service,current list of Servers=[],Load balancer stats=Zone stats: {},Server stats: []}ServerList:null
2020-12-28 15:37:20.731  INFO 12620 --- [http-nio-8777-exec-2] c.n.l.DynamicServerListLoadBalancer      : Using serverListUpdater PollingServerListUpdater
2020-12-28 15:37:20.945  INFO 12620 --- [http-nio-8777-exec-2] c.netflix.config.ChainedDynamicProperty  : Flipping property: gateway-service.ribbon.ActiveConnectionsLimit to use NEXT property: niws.loadbalancer.availabilityFilteringRule.activeConnectionsLimit = 2147483647
2020-12-28 15:37:20.947  INFO 12620 --- [http-nio-8777-exec-2] c.n.l.DynamicServerListLoadBalancer      : DynamicServerListLoadBalancer for client gateway-service initialized: DynamicServerListLoadBalancer:{NFLoadBalancer:name=gateway-service,current list of Servers=[localhost:8800],Load balancer stats=Zone stats: {defaultzone=[Zone:defaultzone;	Instance count:1;	Active connections count: 0;	Circuit breaker tripped count: 0;	Active connections per server: 0.0;]
},Server stats: [[Server:localhost:8800;	Zone:defaultZone;	Total Requests:0;	Successive connection failure:0;	Total blackout seconds:0;	Last connection made:Thu Jan 01 05:30:00 IST 1970;	First connection made: Thu Jan 01 05:30:00 IST 1970;	Active Connections:0;	total failure count in last (1000) msecs:0;	average resp time:0.0;	90 percentile resp time:0.0;	95 percentile resp time:0.0;	min resp time:0.0;	max resp time:0.0;	stddev resp time:0.0]
]}ServerList:org.springframework.cloud.netflix.ribbon.eureka.DomainExtractingServerList@72274e33
2020-12-28 15:37:21.747  INFO 12620 --- [PollingServerListUpdater-0] c.netflix.config.ChainedDynamicProperty  : Flipping property: gateway-service.ribbon.ActiveConnectionsLimit to use NEXT property: niws.loadbalancer.availabilityFilteringRule.activeConnectionsLimit = 2147483647
2020-12-28 15:40:48.776  INFO 12620 --- [AsyncResolver-bootstrap-executor-0] c.n.d.s.r.aws.ConfigClusterResolver      : Resolving eureka endpoints via configuration
2020-12-28 15:45:48.782  INFO 12620 --- [AsyncResolver-bootstrap-executor-0] c.n.d.s.r.aws.ConfigClusterResolver      : Resolving eureka endpoints via configuration
2020-12-28 15:50:48.799  INFO 12620 --- [AsyncResolver-bootstrap-executor-0] c.n.d.s.r.aws.ConfigClusterResolver      : Resolving eureka endpoints via configuration
2020-12-28 15:55:48.813  INFO 12620 --- [AsyncResolver-bootstrap-executor-0] c.n.d.s.r.aws.ConfigClusterResolver      : Resolving eureka endpoints via configuration
2020-12-28 16:00:48.829  INFO 12620 --- [AsyncResolver-bootstrap-executor-0] c.n.d.s.r.aws.ConfigClusterResolver      : Resolving eureka endpoints via configuration
2020-12-28 16:05:48.845  INFO 12620 --- [AsyncResolver-bootstrap-executor-0] c.n.d.s.r.aws.ConfigClusterResolver      : Resolving eureka endpoints via configuration
2020-12-28 16:10:48.852  INFO 12620 --- [AsyncResolver-bootstrap-executor-0] c.n.d.s.r.aws.ConfigClusterResolver      : Resolving eureka endpoints via configuration
2020-12-28 16:15:48.853  INFO 12620 --- [AsyncResolver-bootstrap-executor-0] c.n.d.s.r.aws.ConfigClusterResolver      : Resolving eureka endpoints via configuration
2020-12-28 16:20:48.863  INFO 12620 --- [AsyncResolver-bootstrap-executor-0] c.n.d.s.r.aws.ConfigClusterResolver      : Resolving eureka endpoints via configuration
2020-12-28 16:25:48.876  INFO 12620 --- [AsyncResolver-bootstrap-executor-0] c.n.d.s.r.aws.ConfigClusterResolver      : Resolving eureka endpoints via configuration
2020-12-28 16:30:48.888  INFO 12620 --- [AsyncResolver-bootstrap-executor-0] c.n.d.s.r.aws.ConfigClusterResolver      : Resolving eureka endpoints via configuration
2020-12-28 16:49:51.509  INFO 12620 --- [AsyncResolver-bootstrap-executor-0] c.n.d.s.r.aws.ConfigClusterResolver      : Resolving eureka endpoints via configuration
2020-12-28 16:54:51.530  INFO 12620 --- [AsyncResolver-bootstrap-executor-0] c.n.d.s.r.aws.ConfigClusterResolver      : Resolving eureka endpoints via configuration
2020-12-28 16:59:51.545  INFO 12620 --- [AsyncResolver-bootstrap-executor-0] c.n.d.s.r.aws.ConfigClusterResolver      : Resolving eureka endpoints via configuration
2020-12-28 17:04:58.836  INFO 12620 --- [AsyncResolver-bootstrap-executor-0] c.n.d.s.r.aws.ConfigClusterResolver      : Resolving eureka endpoints via configuration
2020-12-28 17:09:58.897  INFO 12620 --- [AsyncResolver-bootstrap-executor-0] c.n.d.s.r.aws.ConfigClusterResolver      : Resolving eureka endpoints via configuration
2020-12-28 17:14:58.910  INFO 12620 --- [AsyncResolver-bootstrap-executor-0] c.n.d.s.r.aws.ConfigClusterResolver      : Resolving eureka endpoints via configuration
2020-12-28 17:19:58.956  INFO 12620 --- [AsyncResolver-bootstrap-executor-0] c.n.d.s.r.aws.ConfigClusterResolver      : Resolving eureka endpoints via configuration
2020-12-28 17:24:58.958  INFO 12620 --- [AsyncResolver-bootstrap-executor-0] c.n.d.s.r.aws.ConfigClusterResolver      : Resolving eureka endpoints via configuration
2020-12-28 17:29:58.970  INFO 12620 --- [AsyncResolver-bootstrap-executor-0] c.n.d.s.r.aws.ConfigClusterResolver      : Resolving eureka endpoints via configuration
2020-12-28 17:34:58.979  INFO 12620 --- [AsyncResolver-bootstrap-executor-0] c.n.d.s.r.aws.ConfigClusterResolver      : Resolving eureka endpoints via configuration
2020-12-28 17:39:58.982  INFO 12620 --- [AsyncResolver-bootstrap-executor-0] c.n.d.s.r.aws.ConfigClusterResolver      : Resolving eureka endpoints via configuration
2020-12-28 17:44:58.987  INFO 12620 --- [AsyncResolver-bootstrap-executor-0] c.n.d.s.r.aws.ConfigClusterResolver      : Resolving eureka endpoints via configuration
2020-12-28 17:49:58.998  INFO 12620 --- [AsyncResolver-bootstrap-executor-0] c.n.d.s.r.aws.ConfigClusterResolver      : Resolving eureka endpoints via configuration
2020-12-28 17:54:59.001  INFO 12620 --- [AsyncResolver-bootstrap-executor-0] c.n.d.s.r.aws.ConfigClusterResolver      : Resolving eureka endpoints via configuration
2020-12-28 18:53:15.069  INFO 12620 --- [AsyncResolver-bootstrap-executor-0] c.n.d.s.r.aws.ConfigClusterResolver      : Resolving eureka endpoints via configuration
2020-12-28 19:01:19.686  INFO 12620 --- [AsyncResolver-bootstrap-executor-0] c.n.d.s.r.aws.ConfigClusterResolver      : Resolving eureka endpoints via configuration
2020-12-28 19:06:59.078  INFO 12620 --- [AsyncResolver-bootstrap-executor-0] c.n.d.s.r.aws.ConfigClusterResolver      : Resolving eureka endpoints via configuration
2020-12-28 19:11:59.103  INFO 12620 --- [AsyncResolver-bootstrap-executor-0] c.n.d.s.r.aws.ConfigClusterResolver      : Resolving eureka endpoints via configuration
2020-12-28 19:16:59.147  INFO 12620 --- [AsyncResolver-bootstrap-executor-0] c.n.d.s.r.aws.ConfigClusterResolver      : Resolving eureka endpoints via configuration
2020-12-28 19:21:59.156  INFO 12620 --- [AsyncResolver-bootstrap-executor-0] c.n.d.s.r.aws.ConfigClusterResolver      : Resolving eureka endpoints via configuration
2020-12-28 19:26:59.159  INFO 12620 --- [AsyncResolver-bootstrap-executor-0] c.n.d.s.r.aws.ConfigClusterResolver      : Resolving eureka endpoints via configuration
2020-12-28 19:31:59.167  INFO 12620 --- [AsyncResolver-bootstrap-executor-0] c.n.d.s.r.aws.ConfigClusterResolver      : Resolving eureka endpoints via configuration
2020-12-28 19:36:59.174  INFO 12620 --- [AsyncResolver-bootstrap-executor-0] c.n.d.s.r.aws.ConfigClusterResolver      : Resolving eureka endpoints via configuration
2020-12-28 19:41:59.189  INFO 12620 --- [AsyncResolver-bootstrap-executor-0] c.n.d.s.r.aws.ConfigClusterResolver      : Resolving eureka endpoints via configuration
2020-12-28 19:46:21.152 ERROR 12620 --- [DiscoveryClient-HeartbeatExecutor-0] c.n.d.s.t.d.RedirectingEurekaHttpClient  : Request execution error. endpoint=DefaultEndpoint{ serviceUrl='http://localhost:8761/eureka/}

com.sun.jersey.api.client.ClientHandlerException: java.net.SocketException: Connection reset
	at com.sun.jersey.client.apache4.ApacheHttpClient4Handler.handle(ApacheHttpClient4Handler.java:187) ~[jersey-apache-client4-1.19.1.jar:1.19.1]
	at com.sun.jersey.api.client.filter.GZIPContentEncodingFilter.handle(GZIPContentEncodingFilter.java:123) ~[jersey-client-1.19.1.jar:1.19.1]
	at com.netflix.discovery.EurekaIdentityHeaderFilter.handle(EurekaIdentityHeaderFilter.java:27) ~[eureka-client-1.9.25.jar:1.9.25]
	at com.sun.jersey.api.client.Client.handle(Client.java:652) ~[jersey-client-1.19.1.jar:1.19.1]
	at com.sun.jersey.api.client.WebResource.handle(WebResource.java:682) ~[jersey-client-1.19.1.jar:1.19.1]
	at com.sun.jersey.api.client.WebResource.access$200(WebResource.java:74) ~[jersey-client-1.19.1.jar:1.19.1]
	at com.sun.jersey.api.client.WebResource$Builder.put(WebResource.java:529) ~[jersey-client-1.19.1.jar:1.19.1]
	at com.netflix.discovery.shared.transport.jersey.AbstractJerseyEurekaHttpClient.sendHeartBeat(AbstractJerseyEurekaHttpClient.java:103) ~[eureka-client-1.9.25.jar:1.9.25]
	at com.netflix.discovery.shared.transport.decorator.EurekaHttpClientDecorator$3.execute(EurekaHttpClientDecorator.java:92) [eureka-client-1.9.25.jar:1.9.25]
	at com.netflix.discovery.shared.transport.decorator.MetricsCollectingEurekaHttpClient.execute(MetricsCollectingEurekaHttpClient.java:73) ~[eureka-client-1.9.25.jar:1.9.25]
	at com.netflix.discovery.shared.transport.decorator.EurekaHttpClientDecorator.sendHeartBeat(EurekaHttpClientDecorator.java:89) [eureka-client-1.9.25.jar:1.9.25]
	at com.netflix.discovery.shared.transport.decorator.EurekaHttpClientDecorator$3.execute(EurekaHttpClientDecorator.java:92) [eureka-client-1.9.25.jar:1.9.25]
	at com.netflix.discovery.shared.transport.decorator.RedirectingEurekaHttpClient.execute(RedirectingEurekaHttpClient.java:89) ~[eureka-client-1.9.25.jar:1.9.25]
	at com.netflix.discovery.shared.transport.decorator.EurekaHttpClientDecorator.sendHeartBeat(EurekaHttpClientDecorator.java:89) [eureka-client-1.9.25.jar:1.9.25]
	at com.netflix.discovery.shared.transport.decorator.EurekaHttpClientDecorator$3.execute(EurekaHttpClientDecorator.java:92) [eureka-client-1.9.25.jar:1.9.25]
	at com.netflix.discovery.shared.transport.decorator.RetryableEurekaHttpClient.execute(RetryableEurekaHttpClient.java:120) [eureka-client-1.9.25.jar:1.9.25]
	at com.netflix.discovery.shared.transport.decorator.EurekaHttpClientDecorator.sendHeartBeat(EurekaHttpClientDecorator.java:89) [eureka-client-1.9.25.jar:1.9.25]
	at com.netflix.discovery.shared.transport.decorator.EurekaHttpClientDecorator$3.execute(EurekaHttpClientDecorator.java:92) [eureka-client-1.9.25.jar:1.9.25]
	at com.netflix.discovery.shared.transport.decorator.SessionedEurekaHttpClient.execute(SessionedEurekaHttpClient.java:77) [eureka-client-1.9.25.jar:1.9.25]
	at com.netflix.discovery.shared.transport.decorator.EurekaHttpClientDecorator.sendHeartBeat(EurekaHttpClientDecorator.java:89) [eureka-client-1.9.25.jar:1.9.25]
	at com.netflix.discovery.DiscoveryClient.renew(DiscoveryClient.java:890) [eureka-client-1.9.25.jar:1.9.25]
	at com.netflix.discovery.DiscoveryClient$HeartbeatThread.run(DiscoveryClient.java:1459) [eureka-client-1.9.25.jar:1.9.25]
	at java.util.concurrent.Executors$RunnableAdapter.call(Executors.java:511) [na:1.8.0_144]
	at java.util.concurrent.FutureTask.run(FutureTask.java:266) [na:1.8.0_144]
	at java.util.concurrent.ThreadPoolExecutor.runWorker(ThreadPoolExecutor.java:1149) [na:1.8.0_144]
	at java.util.concurrent.ThreadPoolExecutor$Worker.run(ThreadPoolExecutor.java:624) [na:1.8.0_144]
	at java.lang.Thread.run(Thread.java:748) [na:1.8.0_144]
Caused by: java.net.SocketException: Connection reset
	at java.net.SocketInputStream.read(SocketInputStream.java:210) ~[na:1.8.0_144]
	at java.net.SocketInputStream.read(SocketInputStream.java:141) ~[na:1.8.0_144]
	at org.apache.http.impl.io.AbstractSessionInputBuffer.fillBuffer(AbstractSessionInputBuffer.java:161) ~[httpcore-4.4.13.jar:4.4.13]
	at org.apache.http.impl.io.SocketInputBuffer.fillBuffer(SocketInputBuffer.java:82) ~[httpcore-4.4.13.jar:4.4.13]
	at org.apache.http.impl.io.AbstractSessionInputBuffer.readLine(AbstractSessionInputBuffer.java:276) ~[httpcore-4.4.13.jar:4.4.13]
	at org.apache.http.impl.conn.DefaultHttpResponseParser.parseHead(DefaultHttpResponseParser.java:138) ~[httpclient-4.5.12.jar:4.5.12]
	at org.apache.http.impl.conn.DefaultHttpResponseParser.parseHead(DefaultHttpResponseParser.java:56) ~[httpclient-4.5.12.jar:4.5.12]
	at org.apache.http.impl.io.AbstractMessageParser.parse(AbstractMessageParser.java:259) ~[httpcore-4.4.13.jar:4.4.13]
	at org.apache.http.impl.AbstractHttpClientConnection.receiveResponseHeader(AbstractHttpClientConnection.java:294) ~[httpcore-4.4.13.jar:4.4.13]
	at org.apache.http.impl.conn.DefaultClientConnection.receiveResponseHeader(DefaultClientConnection.java:257) ~[httpclient-4.5.12.jar:4.5.12]
	at org.apache.http.impl.conn.AbstractClientConnAdapter.receiveResponseHeader(AbstractClientConnAdapter.java:230) ~[httpclient-4.5.12.jar:4.5.12]
	at org.apache.http.protocol.HttpRequestExecutor.doReceiveResponse(HttpRequestExecutor.java:273) ~[httpcore-4.4.13.jar:4.4.13]
	at org.apache.http.protocol.HttpRequestExecutor.execute(HttpRequestExecutor.java:125) ~[httpcore-4.4.13.jar:4.4.13]
	at org.apache.http.impl.client.DefaultRequestDirector.tryExecute(DefaultRequestDirector.java:679) ~[httpclient-4.5.12.jar:4.5.12]
	at org.apache.http.impl.client.DefaultRequestDirector.execute(DefaultRequestDirector.java:481) ~[httpclient-4.5.12.jar:4.5.12]
	at org.apache.http.impl.client.AbstractHttpClient.doExecute(AbstractHttpClient.java:835) ~[httpclient-4.5.12.jar:4.5.12]
	at org.apache.http.impl.client.CloseableHttpClient.execute(CloseableHttpClient.java:118) ~[httpclient-4.5.12.jar:4.5.12]
	at org.apache.http.impl.client.CloseableHttpClient.execute(CloseableHttpClient.java:56) ~[httpclient-4.5.12.jar:4.5.12]
	at com.sun.jersey.client.apache4.ApacheHttpClient4Handler.handle(ApacheHttpClient4Handler.java:173) ~[jersey-apache-client4-1.19.1.jar:1.19.1]
	... 26 common frames omitted

2020-12-28 19:46:21.228  WARN 12620 --- [DiscoveryClient-HeartbeatExecutor-0] c.n.d.s.t.d.RetryableEurekaHttpClient    : Request execution failed with message: java.net.SocketException: Connection reset
2020-12-28 22:09:33.958  INFO 2360 --- [restartedMain] c.d.DeptempclientApplication             : No active profile set, falling back to default profiles: default
2020-12-28 22:09:35.742  WARN 2360 --- [restartedMain] o.s.boot.actuate.endpoint.EndpointId     : Endpoint ID 'service-registry' contains invalid characters, please migrate to a valid format.
2020-12-28 22:09:35.952  INFO 2360 --- [restartedMain] o.s.cloud.context.scope.GenericScope     : BeanFactory id=90bd0435-3bb1-301f-99f1-f4c1e8adc9ea
2020-12-28 22:09:37.506  INFO 2360 --- [restartedMain] o.s.b.w.embedded.tomcat.TomcatWebServer  : Tomcat initialized with port(s): 8777 (http)
2020-12-28 22:09:37.526  INFO 2360 --- [restartedMain] o.apache.catalina.core.StandardService   : Starting service [Tomcat]
2020-12-28 22:09:37.527  INFO 2360 --- [restartedMain] org.apache.catalina.core.StandardEngine  : Starting Servlet engine: [Apache Tomcat/9.0.37]
2020-12-28 22:09:37.531  INFO 2360 --- [restartedMain] o.a.catalina.core.AprLifecycleListener   : Loaded Apache Tomcat Native library [1.2.23] using APR version [1.7.0].
2020-12-28 22:09:37.531  INFO 2360 --- [restartedMain] o.a.catalina.core.AprLifecycleListener   : APR capabilities: IPv6 [true], sendfile [true], accept filters [false], random [true].
2020-12-28 22:09:37.532  INFO 2360 --- [restartedMain] o.a.catalina.core.AprLifecycleListener   : APR/OpenSSL configuration: useAprConnector [false], useOpenSSL [true]
2020-12-28 22:09:37.537  INFO 2360 --- [restartedMain] o.a.catalina.core.AprLifecycleListener   : OpenSSL successfully initialized [OpenSSL 1.1.1c  28 May 2019]
2020-12-28 22:09:38.333  INFO 2360 --- [restartedMain] org.apache.jasper.servlet.TldScanner     : At least one JAR was scanned for TLDs yet contained no TLDs. Enable debug logging for this logger for a complete list of JARs that were scanned but no TLDs were found in them. Skipping unneeded JARs during scanning can improve startup time and JSP compilation time.
2020-12-28 22:09:38.342  INFO 2360 --- [restartedMain] o.a.c.c.C.[Tomcat].[localhost].[/]       : Initializing Spring embedded WebApplicationContext
2020-12-28 22:09:38.343  INFO 2360 --- [restartedMain] w.s.c.ServletWebServerApplicationContext : Root WebApplicationContext: initialization completed in 4350 ms
2020-12-28 22:09:38.555  WARN 2360 --- [restartedMain] c.n.c.sources.URLConfigurationSource     : No URLs will be polled as dynamic configuration sources.
2020-12-28 22:09:38.567  INFO 2360 --- [restartedMain] c.n.c.sources.URLConfigurationSource     : To enable URLs as dynamic configuration sources, define System property archaius.configurationSource.additionalUrls or make config.properties available on classpath.
2020-12-28 22:09:38.597  INFO 2360 --- [restartedMain] c.netflix.config.DynamicPropertyFactory  : DynamicPropertyFactory is initialized with configuration sources: com.netflix.config.ConcurrentCompositeConfiguration@174cd231
2020-12-28 22:09:39.724  WARN 2360 --- [restartedMain] o.s.c.n.a.ArchaiusAutoConfiguration      : No spring.application.name found, defaulting to 'application'
2020-12-28 22:09:39.726  WARN 2360 --- [restartedMain] c.n.c.sources.URLConfigurationSource     : No URLs will be polled as dynamic configuration sources.
2020-12-28 22:09:39.726  INFO 2360 --- [restartedMain] c.n.c.sources.URLConfigurationSource     : To enable URLs as dynamic configuration sources, define System property archaius.configurationSource.additionalUrls or make config.properties available on classpath.
2020-12-28 22:09:40.207  INFO 2360 --- [restartedMain] o.s.s.concurrent.ThreadPoolTaskExecutor  : Initializing ExecutorService 'applicationTaskExecutor'
2020-12-28 22:09:42.176  INFO 2360 --- [restartedMain] o.s.cloud.commons.util.InetUtils         : Cannot determine local hostname
2020-12-28 22:09:42.506  WARN 2360 --- [restartedMain] o.s.b.d.a.OptionalLiveReloadServer       : Unable to start LiveReload server
2020-12-28 22:09:44.085  INFO 2360 --- [restartedMain] o.s.cloud.commons.util.InetUtils         : Cannot determine local hostname
2020-12-28 22:09:44.095  INFO 2360 --- [restartedMain] DiscoveryClientOptionalArgsConfiguration : Eureka HTTP Client uses Jersey
2020-12-28 22:09:44.187  WARN 2360 --- [restartedMain] ockingLoadBalancerClientRibbonWarnLogger : You already have RibbonLoadBalancerClient on your classpath. It will be used by default. As Spring Cloud Ribbon is in maintenance mode. We recommend switching to BlockingLoadBalancerClient instead. In order to use it, set the value of `spring.cloud.loadbalancer.ribbon.enabled` to `false` or remove spring-cloud-starter-netflix-ribbon from your project.
2020-12-28 22:09:44.267  INFO 2360 --- [restartedMain] o.s.b.a.e.web.EndpointLinksResolver      : Exposing 2 endpoint(s) beneath base path '/actuator'
2020-12-28 22:09:44.324  INFO 2360 --- [restartedMain] o.s.c.n.eureka.InstanceInfoFactory       : Setting initial instance status as: STARTING
2020-12-28 22:09:44.411  INFO 2360 --- [restartedMain] com.netflix.discovery.DiscoveryClient    : Initializing Eureka in region us-east-1
2020-12-28 22:09:44.504  INFO 2360 --- [restartedMain] c.n.d.provider.DiscoveryJerseyProvider   : Using JSON encoding codec LegacyJacksonJson
2020-12-28 22:09:44.504  INFO 2360 --- [restartedMain] c.n.d.provider.DiscoveryJerseyProvider   : Using JSON decoding codec LegacyJacksonJson
2020-12-28 22:09:44.699  INFO 2360 --- [restartedMain] c.n.d.provider.DiscoveryJerseyProvider   : Using XML encoding codec XStreamXml
2020-12-28 22:09:44.700  INFO 2360 --- [restartedMain] c.n.d.provider.DiscoveryJerseyProvider   : Using XML decoding codec XStreamXml
2020-12-28 22:09:44.979  INFO 2360 --- [restartedMain] c.n.d.s.r.aws.ConfigClusterResolver      : Resolving eureka endpoints via configuration
2020-12-28 22:09:45.303  INFO 2360 --- [restartedMain] com.netflix.discovery.DiscoveryClient    : Disable delta property : false
2020-12-28 22:09:45.304  INFO 2360 --- [restartedMain] com.netflix.discovery.DiscoveryClient    : Single vip registry refresh property : null
2020-12-28 22:09:45.304  INFO 2360 --- [restartedMain] com.netflix.discovery.DiscoveryClient    : Force full registry fetch : false
2020-12-28 22:09:45.304  INFO 2360 --- [restartedMain] com.netflix.discovery.DiscoveryClient    : Application is null : false
2020-12-28 22:09:45.304  INFO 2360 --- [restartedMain] com.netflix.discovery.DiscoveryClient    : Registered Applications size is zero : true
2020-12-28 22:09:45.304  INFO 2360 --- [restartedMain] com.netflix.discovery.DiscoveryClient    : Application version is -1: true
2020-12-28 22:09:45.304  INFO 2360 --- [restartedMain] com.netflix.discovery.DiscoveryClient    : Getting all instance registry info from the eureka server
2020-12-28 22:09:45.593  INFO 2360 --- [restartedMain] com.netflix.discovery.DiscoveryClient    : The response status is 200
2020-12-28 22:09:45.597  INFO 2360 --- [restartedMain] com.netflix.discovery.DiscoveryClient    : Starting heartbeat executor: renew interval is: 30
2020-12-28 22:09:45.602  INFO 2360 --- [restartedMain] c.n.discovery.InstanceInfoReplicator     : InstanceInfoReplicator onDemand update allowed rate per min is 4
2020-12-28 22:09:45.607  INFO 2360 --- [restartedMain] com.netflix.discovery.DiscoveryClient    : Discovery Client initialized at timestamp 1609173585606 with initial instances count: 3
2020-12-28 22:09:45.610  INFO 2360 --- [restartedMain] o.s.c.n.e.s.EurekaServiceRegistry        : Registering application UNKNOWN with eureka with status UP
2020-12-28 22:09:45.611  INFO 2360 --- [restartedMain] com.netflix.discovery.DiscoveryClient    : Saw local status change event StatusChangeEvent [timestamp=1609173585611, current=UP, previous=STARTING]
2020-12-28 22:09:45.616  INFO 2360 --- [DiscoveryClient-InstanceInfoReplicator-0] com.netflix.discovery.DiscoveryClient    : DiscoveryClient_UNKNOWN/localhost:8777: registering service...
2020-12-28 22:09:45.728  INFO 2360 --- [DiscoveryClient-InstanceInfoReplicator-0] com.netflix.discovery.DiscoveryClient    : DiscoveryClient_UNKNOWN/localhost:8777 - registration status: 204
2020-12-28 22:09:45.774  INFO 2360 --- [restartedMain] o.s.b.w.embedded.tomcat.TomcatWebServer  : Tomcat started on port(s): 8777 (http) with context path ''
2020-12-28 22:09:45.775  INFO 2360 --- [restartedMain] .s.c.n.e.s.EurekaAutoServiceRegistration : Updating port to 8777
2020-12-28 22:09:47.598  INFO 2360 --- [restartedMain] o.s.cloud.commons.util.InetUtils         : Cannot determine local hostname
2020-12-28 22:09:47.622  INFO 2360 --- [restartedMain] c.d.DeptempclientApplication             : Started DeptempclientApplication in 18.448 seconds (JVM running for 19.656)
2020-12-28 22:09:55.206  INFO 2360 --- [http-nio-8777-exec-1] o.a.c.c.C.[Tomcat].[localhost].[/]       : Initializing Spring DispatcherServlet 'dispatcherServlet'
2020-12-28 22:09:55.206  INFO 2360 --- [http-nio-8777-exec-1] o.s.web.servlet.DispatcherServlet        : Initializing Servlet 'dispatcherServlet'
2020-12-28 22:09:55.215  INFO 2360 --- [http-nio-8777-exec-1] o.s.web.servlet.DispatcherServlet        : Completed initialization in 9 ms
2020-12-28 22:09:55.824  INFO 2360 --- [http-nio-8777-exec-1] c.netflix.config.ChainedDynamicProperty  : Flipping property: gateway-service.ribbon.ActiveConnectionsLimit to use NEXT property: niws.loadbalancer.availabilityFilteringRule.activeConnectionsLimit = 2147483647
2020-12-28 22:09:55.867  INFO 2360 --- [http-nio-8777-exec-1] c.n.u.concurrent.ShutdownEnabledTimer    : Shutdown hook installed for: NFLoadBalancer-PingTimer-gateway-service
2020-12-28 22:09:55.868  INFO 2360 --- [http-nio-8777-exec-1] c.netflix.loadbalancer.BaseLoadBalancer  : Client: gateway-service instantiated a LoadBalancer: DynamicServerListLoadBalancer:{NFLoadBalancer:name=gateway-service,current list of Servers=[],Load balancer stats=Zone stats: {},Server stats: []}ServerList:null
2020-12-28 22:09:55.881  INFO 2360 --- [http-nio-8777-exec-1] c.n.l.DynamicServerListLoadBalancer      : Using serverListUpdater PollingServerListUpdater
2020-12-28 22:09:55.945  INFO 2360 --- [http-nio-8777-exec-1] c.netflix.config.ChainedDynamicProperty  : Flipping property: gateway-service.ribbon.ActiveConnectionsLimit to use NEXT property: niws.loadbalancer.availabilityFilteringRule.activeConnectionsLimit = 2147483647
2020-12-28 22:09:55.951  INFO 2360 --- [http-nio-8777-exec-1] c.n.l.DynamicServerListLoadBalancer      : DynamicServerListLoadBalancer for client gateway-service initialized: DynamicServerListLoadBalancer:{NFLoadBalancer:name=gateway-service,current list of Servers=[localhost:8800],Load balancer stats=Zone stats: {defaultzone=[Zone:defaultzone;	Instance count:1;	Active connections count: 0;	Circuit breaker tripped count: 0;	Active connections per server: 0.0;]
},Server stats: [[Server:localhost:8800;	Zone:defaultZone;	Total Requests:0;	Successive connection failure:0;	Total blackout seconds:0;	Last connection made:Thu Jan 01 05:30:00 IST 1970;	First connection made: Thu Jan 01 05:30:00 IST 1970;	Active Connections:0;	total failure count in last (1000) msecs:0;	average resp time:0.0;	90 percentile resp time:0.0;	95 percentile resp time:0.0;	min resp time:0.0;	max resp time:0.0;	stddev resp time:0.0]
]}ServerList:org.springframework.cloud.netflix.ribbon.eureka.DomainExtractingServerList@18c5b7d2
2020-12-28 22:09:56.898  INFO 2360 --- [PollingServerListUpdater-0] c.netflix.config.ChainedDynamicProperty  : Flipping property: gateway-service.ribbon.ActiveConnectionsLimit to use NEXT property: niws.loadbalancer.availabilityFilteringRule.activeConnectionsLimit = 2147483647
2020-12-28 22:14:45.316  INFO 2360 --- [AsyncResolver-bootstrap-executor-0] c.n.d.s.r.aws.ConfigClusterResolver      : Resolving eureka endpoints via configuration
