2020-12-29 16:28:00.305  INFO 1480 --- [main] c.h.AhystrixdashboardApplication         : No active profile set, falling back to default profiles: default
2020-12-29 16:28:04.389  INFO 1480 --- [main] o.s.cloud.context.scope.GenericScope     : BeanFactory id=2017398d-5fe7-3503-84ec-da57c10943ea
2020-12-29 16:28:06.127  INFO 1480 --- [main] o.s.b.w.embedded.tomcat.TomcatWebServer  : Tomcat initialized with port(s): 8805 (http)
2020-12-29 16:28:06.149  INFO 1480 --- [main] o.apache.catalina.core.StandardService   : Starting service [Tomcat]
2020-12-29 16:28:06.150  INFO 1480 --- [main] org.apache.catalina.core.StandardEngine  : Starting Servlet engine: [Apache Tomcat/9.0.37]
2020-12-29 16:28:06.153  INFO 1480 --- [main] o.a.catalina.core.AprLifecycleListener   : Loaded Apache Tomcat Native library [1.2.23] using APR version [1.7.0].
2020-12-29 16:28:06.154  INFO 1480 --- [main] o.a.catalina.core.AprLifecycleListener   : APR capabilities: IPv6 [true], sendfile [true], accept filters [false], random [true].
2020-12-29 16:28:06.155  INFO 1480 --- [main] o.a.catalina.core.AprLifecycleListener   : APR/OpenSSL configuration: useAprConnector [false], useOpenSSL [true]
2020-12-29 16:28:06.162  INFO 1480 --- [main] o.a.catalina.core.AprLifecycleListener   : OpenSSL successfully initialized [OpenSSL 1.1.1c  28 May 2019]
2020-12-29 16:28:06.637  INFO 1480 --- [main] o.a.c.c.C.[Tomcat].[localhost].[/]       : Initializing Spring embedded WebApplicationContext
2020-12-29 16:28:06.637  INFO 1480 --- [main] w.s.c.ServletWebServerApplicationContext : Root WebApplicationContext: initialization completed in 6229 ms
2020-12-29 16:28:06.983  WARN 1480 --- [main] c.n.c.sources.URLConfigurationSource     : No URLs will be polled as dynamic configuration sources.
2020-12-29 16:28:06.983  INFO 1480 --- [main] c.n.c.sources.URLConfigurationSource     : To enable URLs as dynamic configuration sources, define System property archaius.configurationSource.additionalUrls or make config.properties available on classpath.
2020-12-29 16:28:07.036  INFO 1480 --- [main] c.netflix.config.DynamicPropertyFactory  : DynamicPropertyFactory is initialized with configuration sources: com.netflix.config.ConcurrentCompositeConfiguration@390877d2
2020-12-29 16:28:07.721  WARN 1480 --- [main] o.s.c.n.a.ArchaiusAutoConfiguration      : No spring.application.name found, defaulting to 'application'
2020-12-29 16:28:07.723  WARN 1480 --- [main] c.n.c.sources.URLConfigurationSource     : No URLs will be polled as dynamic configuration sources.
2020-12-29 16:28:07.723  INFO 1480 --- [main] c.n.c.sources.URLConfigurationSource     : To enable URLs as dynamic configuration sources, define System property archaius.configurationSource.additionalUrls or make config.properties available on classpath.
2020-12-29 16:28:08.176  INFO 1480 --- [main] o.s.s.concurrent.ThreadPoolTaskExecutor  : Initializing ExecutorService 'applicationTaskExecutor'
2020-12-29 16:28:12.031  INFO 1480 --- [main] o.s.cloud.commons.util.InetUtils         : Cannot determine local hostname
2020-12-29 16:28:12.165  INFO 1480 --- [main] o.s.b.a.e.web.EndpointLinksResolver      : Exposing 2 endpoint(s) beneath base path '/actuator'
2020-12-29 16:28:12.613  INFO 1480 --- [main] o.s.b.w.embedded.tomcat.TomcatWebServer  : Tomcat started on port(s): 8805 (http) with context path ''
2020-12-29 16:28:14.922  INFO 1480 --- [main] o.s.cloud.commons.util.InetUtils         : Cannot determine local hostname
2020-12-29 16:28:14.978  INFO 1480 --- [main] c.h.AhystrixdashboardApplication         : Started AhystrixdashboardApplication in 26.057 seconds (JVM running for 27.351)
