2020-12-28 13:26:29.182  INFO 3332 --- [restartedMain] c.c.c.ConfigServicePropertySourceLocator : Fetching config from server at : http://localhost:8888
2020-12-28 13:26:38.560  INFO 3332 --- [restartedMain] c.c.c.ConfigServicePropertySourceLocator : Located environment: name=employee-service, profiles=[default], label=null, version=d1fa0737632e9273214e78eb26e4eb33653f5e52, state=null
2020-12-28 13:26:38.563  INFO 3332 --- [restartedMain] b.c.PropertySourceBootstrapConfiguration : Located property source: [BootstrapPropertySource {name='bootstrapProperties-configClient'}, BootstrapPropertySource {name='bootstrapProperties-https://github.com/udhayaspringboot/dynamicyaml/application.yaml'}]
2020-12-28 13:26:38.808  INFO 3332 --- [restartedMain] c.e.AemployeeserviceApplication          : No active profile set, falling back to default profiles: default
2020-12-28 13:26:42.064  INFO 3332 --- [restartedMain] .s.d.r.c.RepositoryConfigurationDelegate : Bootstrapping Spring Data JPA repositories in DEFERRED mode.
2020-12-28 13:26:42.653  INFO 3332 --- [restartedMain] .s.d.r.c.RepositoryConfigurationDelegate : Finished Spring Data repository scanning in 556ms. Found 1 JPA repository interfaces.
2020-12-28 13:26:43.004  WARN 3332 --- [restartedMain] o.s.boot.actuate.endpoint.EndpointId     : Endpoint ID 'service-registry' contains invalid characters, please migrate to a valid format.
2020-12-28 13:26:43.444  INFO 3332 --- [restartedMain] o.s.cloud.context.scope.GenericScope     : BeanFactory id=e47ead15-36ea-37fc-be53-5dd8284b33c3
2020-12-28 13:26:45.336  INFO 3332 --- [restartedMain] o.s.b.w.embedded.tomcat.TomcatWebServer  : Tomcat initialized with port(s): 8802 (http)
2020-12-28 13:26:45.358  INFO 3332 --- [restartedMain] o.apache.catalina.core.StandardService   : Starting service [Tomcat]
2020-12-28 13:26:45.359  INFO 3332 --- [restartedMain] org.apache.catalina.core.StandardEngine  : Starting Servlet engine: [Apache Tomcat/9.0.37]
2020-12-28 13:26:45.365  INFO 3332 --- [restartedMain] o.a.catalina.core.AprLifecycleListener   : Loaded Apache Tomcat Native library [1.2.23] using APR version [1.7.0].
2020-12-28 13:26:45.366  INFO 3332 --- [restartedMain] o.a.catalina.core.AprLifecycleListener   : APR capabilities: IPv6 [true], sendfile [true], accept filters [false], random [true].
2020-12-28 13:26:45.367  INFO 3332 --- [restartedMain] o.a.catalina.core.AprLifecycleListener   : APR/OpenSSL configuration: useAprConnector [false], useOpenSSL [true]
2020-12-28 13:26:45.372  INFO 3332 --- [restartedMain] o.a.catalina.core.AprLifecycleListener   : OpenSSL successfully initialized [OpenSSL 1.1.1c  28 May 2019]
2020-12-28 13:26:45.618  INFO 3332 --- [restartedMain] o.a.c.c.C.[Tomcat].[localhost].[/]       : Initializing Spring embedded WebApplicationContext
2020-12-28 13:26:45.618  INFO 3332 --- [restartedMain] w.s.c.ServletWebServerApplicationContext : Root WebApplicationContext: initialization completed in 6762 ms
2020-12-28 13:26:45.865  WARN 3332 --- [restartedMain] c.n.c.sources.URLConfigurationSource     : No URLs will be polled as dynamic configuration sources.
2020-12-28 13:26:45.866  INFO 3332 --- [restartedMain] c.n.c.sources.URLConfigurationSource     : To enable URLs as dynamic configuration sources, define System property archaius.configurationSource.additionalUrls or make config.properties available on classpath.
2020-12-28 13:26:45.895  INFO 3332 --- [restartedMain] c.netflix.config.DynamicPropertyFactory  : DynamicPropertyFactory is initialized with configuration sources: com.netflix.config.ConcurrentCompositeConfiguration@10b259aa
2020-12-28 13:26:46.132  INFO 3332 --- [restartedMain] com.zaxxer.hikari.HikariDataSource       : HikariPool-1 - Starting...
2020-12-28 13:26:56.207  INFO 3332 --- [restartedMain] com.zaxxer.hikari.HikariDataSource       : HikariPool-1 - Start completed.
2020-12-28 13:26:56.216  INFO 3332 --- [restartedMain] o.s.b.a.h2.H2ConsoleAutoConfiguration    : H2 console available at '/h2-console'. Database available at 'jdbc:h2:~/test'
2020-12-28 13:26:56.672  INFO 3332 --- [restartedMain] o.s.s.concurrent.ThreadPoolTaskExecutor  : Initializing ExecutorService 'applicationTaskExecutor'
2020-12-28 13:26:57.465  INFO 3332 --- [task-1] o.hibernate.jpa.internal.util.LogHelper  : HHH000204: Processing PersistenceUnitInfo [name: default]
2020-12-28 13:26:58.107  INFO 3332 --- [task-1] org.hibernate.Version                    : HHH000412: Hibernate ORM core version 5.4.20.Final
2020-12-28 13:26:58.975  WARN 3332 --- [restartedMain] c.n.c.sources.URLConfigurationSource     : No URLs will be polled as dynamic configuration sources.
2020-12-28 13:26:58.977  INFO 3332 --- [restartedMain] c.n.c.sources.URLConfigurationSource     : To enable URLs as dynamic configuration sources, define System property archaius.configurationSource.additionalUrls or make config.properties available on classpath.
2020-12-28 13:26:59.047  INFO 3332 --- [task-1] o.hibernate.annotations.common.Version   : HCANN000001: Hibernate Commons Annotations {5.1.0.Final}
2020-12-28 13:26:59.314  WARN 3332 --- [restartedMain] JpaBaseConfiguration$JpaWebConfiguration : spring.jpa.open-in-view is enabled by default. Therefore, database queries may be performed during view rendering. Explicitly configure spring.jpa.open-in-view to disable this warning
2020-12-28 13:27:00.252  INFO 3332 --- [task-1] org.hibernate.dialect.Dialect            : HHH000400: Using dialect: org.hibernate.dialect.H2Dialect
2020-12-28 13:27:03.784  INFO 3332 --- [restartedMain] o.s.cloud.commons.util.InetUtils         : Cannot determine local hostname
2020-12-28 13:27:12.457  INFO 3332 --- [task-1] o.h.e.t.j.p.i.JtaPlatformInitiator       : HHH000490: Using JtaPlatform implementation: [org.hibernate.engine.transaction.jta.platform.internal.NoJtaPlatform]
2020-12-28 13:27:12.714  INFO 3332 --- [task-1] j.LocalContainerEntityManagerFactoryBean : Initialized JPA EntityManagerFactory for persistence unit 'default'
2020-12-28 13:27:13.176  WARN 3332 --- [task-2] o.s.b.d.a.OptionalLiveReloadServer       : Unable to start LiveReload server
2020-12-28 13:27:15.158  INFO 3332 --- [restartedMain] o.s.cloud.commons.util.InetUtils         : Cannot determine local hostname
2020-12-28 13:27:15.271  WARN 3332 --- [restartedMain] ockingLoadBalancerClientRibbonWarnLogger : You already have RibbonLoadBalancerClient on your classpath. It will be used by default. As Spring Cloud Ribbon is in maintenance mode. We recommend switching to BlockingLoadBalancerClient instead. In order to use it, set the value of `spring.cloud.loadbalancer.ribbon.enabled` to `false` or remove spring-cloud-starter-netflix-ribbon from your project.
2020-12-28 13:27:15.381  INFO 3332 --- [restartedMain] o.s.b.a.e.web.EndpointLinksResolver      : Exposing 2 endpoint(s) beneath base path '/actuator'
2020-12-28 13:27:15.441  INFO 3332 --- [restartedMain] o.s.c.n.eureka.InstanceInfoFactory       : Setting initial instance status as: STARTING
2020-12-28 13:27:15.563  INFO 3332 --- [restartedMain] com.netflix.discovery.DiscoveryClient    : Initializing Eureka in region us-east-1
2020-12-28 13:27:15.698  INFO 3332 --- [restartedMain] c.n.d.provider.DiscoveryJerseyProvider   : Using JSON encoding codec LegacyJacksonJson
2020-12-28 13:27:15.699  INFO 3332 --- [restartedMain] c.n.d.provider.DiscoveryJerseyProvider   : Using JSON decoding codec LegacyJacksonJson
2020-12-28 13:27:16.078  INFO 3332 --- [restartedMain] c.n.d.provider.DiscoveryJerseyProvider   : Using XML encoding codec XStreamXml
2020-12-28 13:27:16.079  INFO 3332 --- [restartedMain] c.n.d.provider.DiscoveryJerseyProvider   : Using XML decoding codec XStreamXml
2020-12-28 13:27:16.459  INFO 3332 --- [restartedMain] c.n.d.s.r.aws.ConfigClusterResolver      : Resolving eureka endpoints via configuration
2020-12-28 13:27:16.858  INFO 3332 --- [restartedMain] com.netflix.discovery.DiscoveryClient    : Disable delta property : false
2020-12-28 13:27:16.858  INFO 3332 --- [restartedMain] com.netflix.discovery.DiscoveryClient    : Single vip registry refresh property : null
2020-12-28 13:27:16.858  INFO 3332 --- [restartedMain] com.netflix.discovery.DiscoveryClient    : Force full registry fetch : false
2020-12-28 13:27:16.858  INFO 3332 --- [restartedMain] com.netflix.discovery.DiscoveryClient    : Application is null : false
2020-12-28 13:27:16.859  INFO 3332 --- [restartedMain] com.netflix.discovery.DiscoveryClient    : Registered Applications size is zero : true
2020-12-28 13:27:16.859  INFO 3332 --- [restartedMain] com.netflix.discovery.DiscoveryClient    : Application version is -1: true
2020-12-28 13:27:16.859  INFO 3332 --- [restartedMain] com.netflix.discovery.DiscoveryClient    : Getting all instance registry info from the eureka server
2020-12-28 13:27:17.293  INFO 3332 --- [restartedMain] com.netflix.discovery.DiscoveryClient    : The response status is 200
2020-12-28 13:27:17.298  INFO 3332 --- [restartedMain] com.netflix.discovery.DiscoveryClient    : Starting heartbeat executor: renew interval is: 30
2020-12-28 13:27:17.303  INFO 3332 --- [restartedMain] c.n.discovery.InstanceInfoReplicator     : InstanceInfoReplicator onDemand update allowed rate per min is 4
2020-12-28 13:27:17.310  INFO 3332 --- [restartedMain] com.netflix.discovery.DiscoveryClient    : Discovery Client initialized at timestamp 1609142237308 with initial instances count: 1
2020-12-28 13:27:17.313  INFO 3332 --- [restartedMain] o.s.c.n.e.s.EurekaServiceRegistry        : Registering application EMPLOYEE-SERVICE with eureka with status UP
2020-12-28 13:27:17.314  INFO 3332 --- [restartedMain] com.netflix.discovery.DiscoveryClient    : Saw local status change event StatusChangeEvent [timestamp=1609142237314, current=UP, previous=STARTING]
2020-12-28 13:27:17.318  INFO 3332 --- [DiscoveryClient-InstanceInfoReplicator-0] com.netflix.discovery.DiscoveryClient    : DiscoveryClient_EMPLOYEE-SERVICE/localhost:employee-service:8802: registering service...
2020-12-28 13:27:17.384  INFO 3332 --- [DiscoveryClient-InstanceInfoReplicator-0] com.netflix.discovery.DiscoveryClient    : DiscoveryClient_EMPLOYEE-SERVICE/localhost:employee-service:8802 - registration status: 204
2020-12-28 13:27:17.390  INFO 3332 --- [restartedMain] o.s.b.w.embedded.tomcat.TomcatWebServer  : Tomcat started on port(s): 8802 (http) with context path ''
2020-12-28 13:27:17.391  INFO 3332 --- [restartedMain] .s.c.n.e.s.EurekaAutoServiceRegistration : Updating port to 8802
2020-12-28 13:27:18.962  INFO 3332 --- [restartedMain] o.s.cloud.commons.util.InetUtils         : Cannot determine local hostname
2020-12-28 13:27:18.966  INFO 3332 --- [restartedMain] DeferredRepositoryInitializationListener : Triggering deferred initialization of Spring Data repositories…
2020-12-28 13:27:21.133  INFO 3332 --- [restartedMain] DeferredRepositoryInitializationListener : Spring Data repositories initialized!
2020-12-28 13:27:21.198  INFO 3332 --- [restartedMain] c.e.AemployeeserviceApplication          : Started AemployeeserviceApplication in 57.256 seconds (JVM running for 58.445)
2020-12-28 13:32:16.874  INFO 3332 --- [AsyncResolver-bootstrap-executor-0] c.n.d.s.r.aws.ConfigClusterResolver      : Resolving eureka endpoints via configuration
2020-12-28 13:37:16.932  INFO 3332 --- [AsyncResolver-bootstrap-executor-0] c.n.d.s.r.aws.ConfigClusterResolver      : Resolving eureka endpoints via configuration
2020-12-28 13:42:16.967  INFO 3332 --- [AsyncResolver-bootstrap-executor-0] c.n.d.s.r.aws.ConfigClusterResolver      : Resolving eureka endpoints via configuration
2020-12-28 13:47:16.979  INFO 3332 --- [AsyncResolver-bootstrap-executor-0] c.n.d.s.r.aws.ConfigClusterResolver      : Resolving eureka endpoints via configuration
2020-12-28 13:52:17.036  INFO 3332 --- [AsyncResolver-bootstrap-executor-0] c.n.d.s.r.aws.ConfigClusterResolver      : Resolving eureka endpoints via configuration
2020-12-28 13:57:17.207  INFO 3332 --- [AsyncResolver-bootstrap-executor-0] c.n.d.s.r.aws.ConfigClusterResolver      : Resolving eureka endpoints via configuration
2020-12-28 14:02:17.285  INFO 3332 --- [AsyncResolver-bootstrap-executor-0] c.n.d.s.r.aws.ConfigClusterResolver      : Resolving eureka endpoints via configuration
2020-12-28 14:07:17.292  INFO 3332 --- [AsyncResolver-bootstrap-executor-0] c.n.d.s.r.aws.ConfigClusterResolver      : Resolving eureka endpoints via configuration
2020-12-28 14:12:17.316  INFO 3332 --- [AsyncResolver-bootstrap-executor-0] c.n.d.s.r.aws.ConfigClusterResolver      : Resolving eureka endpoints via configuration
2020-12-28 15:22:24.439  INFO 10552 --- [restartedMain] c.c.c.ConfigServicePropertySourceLocator : Fetching config from server at : http://localhost:8888
2020-12-28 15:22:48.790  WARN 10552 --- [restartedMain] c.c.c.ConfigServicePropertySourceLocator : Could not locate PropertySource: None of labels [] found
2020-12-28 15:22:48.794  INFO 10552 --- [restartedMain] c.e.AemployeeserviceApplication          : No active profile set, falling back to default profiles: default
2020-12-28 15:22:57.154  INFO 10552 --- [restartedMain] .s.d.r.c.RepositoryConfigurationDelegate : Bootstrapping Spring Data JPA repositories in DEFERRED mode.
2020-12-28 15:22:59.183  INFO 10552 --- [restartedMain] .s.d.r.c.RepositoryConfigurationDelegate : Finished Spring Data repository scanning in 1882ms. Found 1 JPA repository interfaces.
2020-12-28 15:23:00.165  WARN 10552 --- [restartedMain] o.s.boot.actuate.endpoint.EndpointId     : Endpoint ID 'service-registry' contains invalid characters, please migrate to a valid format.
2020-12-28 15:23:02.248  INFO 10552 --- [restartedMain] o.s.cloud.context.scope.GenericScope     : BeanFactory id=e47ead15-36ea-37fc-be53-5dd8284b33c3
2020-12-28 15:23:29.545  INFO 10552 --- [restartedMain] o.s.b.w.embedded.tomcat.TomcatWebServer  : Tomcat initialized with port(s): 8802 (http)
2020-12-28 15:23:30.851  INFO 10552 --- [restartedMain] o.apache.catalina.core.StandardService   : Starting service [Tomcat]
2020-12-28 15:23:30.853  INFO 10552 --- [restartedMain] org.apache.catalina.core.StandardEngine  : Starting Servlet engine: [Apache Tomcat/9.0.37]
2020-12-28 15:23:30.954  INFO 10552 --- [restartedMain] o.a.catalina.core.AprLifecycleListener   : Loaded Apache Tomcat Native library [1.2.23] using APR version [1.7.0].
2020-12-28 15:23:30.955  INFO 10552 --- [restartedMain] o.a.catalina.core.AprLifecycleListener   : APR capabilities: IPv6 [true], sendfile [true], accept filters [false], random [true].
2020-12-28 15:23:30.956  INFO 10552 --- [restartedMain] o.a.catalina.core.AprLifecycleListener   : APR/OpenSSL configuration: useAprConnector [false], useOpenSSL [true]
2020-12-28 15:23:31.208  INFO 10552 --- [restartedMain] o.a.catalina.core.AprLifecycleListener   : OpenSSL successfully initialized [OpenSSL 1.1.1c  28 May 2019]
2020-12-28 15:23:32.317  INFO 10552 --- [restartedMain] o.a.c.c.C.[Tomcat].[localhost].[/]       : Initializing Spring embedded WebApplicationContext
2020-12-28 15:23:32.319  INFO 10552 --- [restartedMain] w.s.c.ServletWebServerApplicationContext : Root WebApplicationContext: initialization completed in 43500 ms
2020-12-28 15:23:35.407  WARN 10552 --- [restartedMain] c.n.c.sources.URLConfigurationSource     : No URLs will be polled as dynamic configuration sources.
2020-12-28 15:23:35.408  INFO 10552 --- [restartedMain] c.n.c.sources.URLConfigurationSource     : To enable URLs as dynamic configuration sources, define System property archaius.configurationSource.additionalUrls or make config.properties available on classpath.
2020-12-28 15:23:35.436  INFO 10552 --- [restartedMain] c.netflix.config.DynamicPropertyFactory  : DynamicPropertyFactory is initialized with configuration sources: com.netflix.config.ConcurrentCompositeConfiguration@4e597a03
2020-12-28 15:23:36.339  INFO 10552 --- [restartedMain] com.zaxxer.hikari.HikariDataSource       : HikariPool-1 - Starting...
2020-12-28 15:23:46.186  INFO 10552 --- [restartedMain] com.zaxxer.hikari.HikariDataSource       : HikariPool-1 - Start completed.
2020-12-28 15:23:46.248  INFO 10552 --- [restartedMain] o.s.b.a.h2.H2ConsoleAutoConfiguration    : H2 console available at '/h2-console'. Database available at 'jdbc:h2:mem:b1ecd7af-f77b-4390-90f1-9ffd86aead56'
2020-12-28 15:23:50.749  INFO 10552 --- [restartedMain] o.s.s.concurrent.ThreadPoolTaskExecutor  : Initializing ExecutorService 'applicationTaskExecutor'
2020-12-28 15:23:51.998  INFO 10552 --- [task-1] o.hibernate.jpa.internal.util.LogHelper  : HHH000204: Processing PersistenceUnitInfo [name: default]
2020-12-28 15:23:52.962  INFO 10552 --- [task-1] org.hibernate.Version                    : HHH000412: Hibernate ORM core version 5.4.20.Final
2020-12-28 15:23:56.050  INFO 10552 --- [task-1] o.hibernate.annotations.common.Version   : HCANN000001: Hibernate Commons Annotations {5.1.0.Final}
2020-12-28 15:23:56.101  WARN 10552 --- [restartedMain] c.n.c.sources.URLConfigurationSource     : No URLs will be polled as dynamic configuration sources.
2020-12-28 15:23:56.102  INFO 10552 --- [restartedMain] c.n.c.sources.URLConfigurationSource     : To enable URLs as dynamic configuration sources, define System property archaius.configurationSource.additionalUrls or make config.properties available on classpath.
2020-12-28 15:23:56.456  WARN 10552 --- [restartedMain] JpaBaseConfiguration$JpaWebConfiguration : spring.jpa.open-in-view is enabled by default. Therefore, database queries may be performed during view rendering. Explicitly configure spring.jpa.open-in-view to disable this warning
2020-12-28 15:23:57.890  INFO 10552 --- [task-1] org.hibernate.dialect.Dialect            : HHH000400: Using dialect: org.hibernate.dialect.H2Dialect
2020-12-28 15:24:01.179  INFO 10552 --- [restartedMain] o.s.cloud.commons.util.InetUtils         : Cannot determine local hostname
2020-12-28 15:24:04.448  INFO 10552 --- [task-1] o.h.e.t.j.p.i.JtaPlatformInitiator       : HHH000490: Using JtaPlatform implementation: [org.hibernate.engine.transaction.jta.platform.internal.NoJtaPlatform]
2020-12-28 15:24:04.508  INFO 10552 --- [task-1] j.LocalContainerEntityManagerFactoryBean : Initialized JPA EntityManagerFactory for persistence unit 'default'
2020-12-28 15:24:04.661  WARN 10552 --- [task-2] o.s.b.d.a.OptionalLiveReloadServer       : Unable to start LiveReload server
2020-12-28 15:24:06.622  INFO 10552 --- [restartedMain] o.s.cloud.commons.util.InetUtils         : Cannot determine local hostname
2020-12-28 15:24:06.703  WARN 10552 --- [restartedMain] ockingLoadBalancerClientRibbonWarnLogger : You already have RibbonLoadBalancerClient on your classpath. It will be used by default. As Spring Cloud Ribbon is in maintenance mode. We recommend switching to BlockingLoadBalancerClient instead. In order to use it, set the value of `spring.cloud.loadbalancer.ribbon.enabled` to `false` or remove spring-cloud-starter-netflix-ribbon from your project.
2020-12-28 15:24:06.807  INFO 10552 --- [restartedMain] o.s.b.a.e.web.EndpointLinksResolver      : Exposing 2 endpoint(s) beneath base path '/actuator'
2020-12-28 15:24:06.893  INFO 10552 --- [restartedMain] o.s.c.n.eureka.InstanceInfoFactory       : Setting initial instance status as: STARTING
2020-12-28 15:24:07.337  INFO 10552 --- [restartedMain] com.netflix.discovery.DiscoveryClient    : Initializing Eureka in region us-east-1
2020-12-28 15:24:07.530  INFO 10552 --- [restartedMain] c.n.d.provider.DiscoveryJerseyProvider   : Using JSON encoding codec LegacyJacksonJson
2020-12-28 15:24:07.530  INFO 10552 --- [restartedMain] c.n.d.provider.DiscoveryJerseyProvider   : Using JSON decoding codec LegacyJacksonJson
2020-12-28 15:24:09.476  INFO 10552 --- [restartedMain] c.n.d.provider.DiscoveryJerseyProvider   : Using XML encoding codec XStreamXml
2020-12-28 15:24:09.477  INFO 10552 --- [restartedMain] c.n.d.provider.DiscoveryJerseyProvider   : Using XML decoding codec XStreamXml
2020-12-28 15:24:10.014  INFO 10552 --- [restartedMain] c.n.d.s.r.aws.ConfigClusterResolver      : Resolving eureka endpoints via configuration
2020-12-28 15:24:10.617  INFO 10552 --- [restartedMain] com.netflix.discovery.DiscoveryClient    : Disable delta property : false
2020-12-28 15:24:10.617  INFO 10552 --- [restartedMain] com.netflix.discovery.DiscoveryClient    : Single vip registry refresh property : null
2020-12-28 15:24:10.619  INFO 10552 --- [restartedMain] com.netflix.discovery.DiscoveryClient    : Force full registry fetch : false
2020-12-28 15:24:10.620  INFO 10552 --- [restartedMain] com.netflix.discovery.DiscoveryClient    : Application is null : false
2020-12-28 15:24:10.621  INFO 10552 --- [restartedMain] com.netflix.discovery.DiscoveryClient    : Registered Applications size is zero : true
2020-12-28 15:24:10.621  INFO 10552 --- [restartedMain] com.netflix.discovery.DiscoveryClient    : Application version is -1: true
2020-12-28 15:24:10.622  INFO 10552 --- [restartedMain] com.netflix.discovery.DiscoveryClient    : Getting all instance registry info from the eureka server
2020-12-28 15:24:11.043  INFO 10552 --- [restartedMain] com.netflix.discovery.DiscoveryClient    : The response status is 200
2020-12-28 15:24:11.074  INFO 10552 --- [restartedMain] com.netflix.discovery.DiscoveryClient    : Starting heartbeat executor: renew interval is: 30
2020-12-28 15:24:11.080  INFO 10552 --- [restartedMain] c.n.discovery.InstanceInfoReplicator     : InstanceInfoReplicator onDemand update allowed rate per min is 4
2020-12-28 15:24:11.192  INFO 10552 --- [restartedMain] com.netflix.discovery.DiscoveryClient    : Discovery Client initialized at timestamp 1609149251086 with initial instances count: 1
2020-12-28 15:24:11.201  INFO 10552 --- [restartedMain] o.s.c.n.e.s.EurekaServiceRegistry        : Registering application EMPLOYEE-SERVICE with eureka with status UP
2020-12-28 15:24:11.204  INFO 10552 --- [restartedMain] com.netflix.discovery.DiscoveryClient    : Saw local status change event StatusChangeEvent [timestamp=1609149251204, current=UP, previous=STARTING]
2020-12-28 15:24:11.213  INFO 10552 --- [DiscoveryClient-InstanceInfoReplicator-0] com.netflix.discovery.DiscoveryClient    : DiscoveryClient_EMPLOYEE-SERVICE/localhost:employee-service:8802: registering service...
2020-12-28 15:24:11.439  INFO 10552 --- [DiscoveryClient-InstanceInfoReplicator-0] com.netflix.discovery.DiscoveryClient    : DiscoveryClient_EMPLOYEE-SERVICE/localhost:employee-service:8802 - registration status: 204
2020-12-28 15:24:11.626  INFO 10552 --- [restartedMain] o.s.b.w.embedded.tomcat.TomcatWebServer  : Tomcat started on port(s): 8802 (http) with context path ''
2020-12-28 15:24:11.629  INFO 10552 --- [restartedMain] .s.c.n.e.s.EurekaAutoServiceRegistration : Updating port to 8802
2020-12-28 15:24:13.257  INFO 10552 --- [restartedMain] o.s.cloud.commons.util.InetUtils         : Cannot determine local hostname
2020-12-28 15:24:13.264  INFO 10552 --- [restartedMain] DeferredRepositoryInitializationListener : Triggering deferred initialization of Spring Data repositories…
2020-12-28 15:24:15.678  INFO 10552 --- [restartedMain] DeferredRepositoryInitializationListener : Spring Data repositories initialized!
2020-12-28 15:24:15.700  INFO 10552 --- [restartedMain] c.e.AemployeeserviceApplication          : Started AemployeeserviceApplication in 116.434 seconds (JVM running for 117.963)
2020-12-28 15:30:21.274  INFO 12836 --- [restartedMain] c.c.c.ConfigServicePropertySourceLocator : Fetching config from server at : http://localhost:8888
2020-12-28 15:30:36.642  INFO 12836 --- [restartedMain] c.c.c.ConfigServicePropertySourceLocator : Located environment: name=employee-service, profiles=[default], label=null, version=d1fa0737632e9273214e78eb26e4eb33653f5e52, state=null
2020-12-28 15:30:36.645  INFO 12836 --- [restartedMain] b.c.PropertySourceBootstrapConfiguration : Located property source: [BootstrapPropertySource {name='bootstrapProperties-configClient'}, BootstrapPropertySource {name='bootstrapProperties-https://github.com/udhayaspringboot/dynamicyaml/application.yaml'}]
2020-12-28 15:30:36.854  INFO 12836 --- [restartedMain] c.e.AemployeeserviceApplication          : No active profile set, falling back to default profiles: default
2020-12-28 15:30:38.503  INFO 12836 --- [restartedMain] .s.d.r.c.RepositoryConfigurationDelegate : Bootstrapping Spring Data JPA repositories in DEFERRED mode.
2020-12-28 15:30:38.733  INFO 12836 --- [restartedMain] .s.d.r.c.RepositoryConfigurationDelegate : Finished Spring Data repository scanning in 220ms. Found 1 JPA repository interfaces.
2020-12-28 15:30:38.972  WARN 12836 --- [restartedMain] o.s.boot.actuate.endpoint.EndpointId     : Endpoint ID 'service-registry' contains invalid characters, please migrate to a valid format.
2020-12-28 15:30:39.309  INFO 12836 --- [restartedMain] o.s.cloud.context.scope.GenericScope     : BeanFactory id=e47ead15-36ea-37fc-be53-5dd8284b33c3
2020-12-28 15:30:40.762  INFO 12836 --- [restartedMain] o.s.b.w.embedded.tomcat.TomcatWebServer  : Tomcat initialized with port(s): 8802 (http)
2020-12-28 15:30:40.789  INFO 12836 --- [restartedMain] o.apache.catalina.core.StandardService   : Starting service [Tomcat]
2020-12-28 15:30:40.790  INFO 12836 --- [restartedMain] org.apache.catalina.core.StandardEngine  : Starting Servlet engine: [Apache Tomcat/9.0.37]
2020-12-28 15:30:40.797  INFO 12836 --- [restartedMain] o.a.catalina.core.AprLifecycleListener   : Loaded Apache Tomcat Native library [1.2.23] using APR version [1.7.0].
2020-12-28 15:30:40.798  INFO 12836 --- [restartedMain] o.a.catalina.core.AprLifecycleListener   : APR capabilities: IPv6 [true], sendfile [true], accept filters [false], random [true].
2020-12-28 15:30:40.798  INFO 12836 --- [restartedMain] o.a.catalina.core.AprLifecycleListener   : APR/OpenSSL configuration: useAprConnector [false], useOpenSSL [true]
2020-12-28 15:30:40.804  INFO 12836 --- [restartedMain] o.a.catalina.core.AprLifecycleListener   : OpenSSL successfully initialized [OpenSSL 1.1.1c  28 May 2019]
2020-12-28 15:30:41.029  INFO 12836 --- [restartedMain] o.a.c.c.C.[Tomcat].[localhost].[/]       : Initializing Spring embedded WebApplicationContext
2020-12-28 15:30:41.030  INFO 12836 --- [restartedMain] w.s.c.ServletWebServerApplicationContext : Root WebApplicationContext: initialization completed in 4146 ms
2020-12-28 15:30:41.211  WARN 12836 --- [restartedMain] c.n.c.sources.URLConfigurationSource     : No URLs will be polled as dynamic configuration sources.
2020-12-28 15:30:41.211  INFO 12836 --- [restartedMain] c.n.c.sources.URLConfigurationSource     : To enable URLs as dynamic configuration sources, define System property archaius.configurationSource.additionalUrls or make config.properties available on classpath.
2020-12-28 15:30:41.242  INFO 12836 --- [restartedMain] c.netflix.config.DynamicPropertyFactory  : DynamicPropertyFactory is initialized with configuration sources: com.netflix.config.ConcurrentCompositeConfiguration@565d727a
2020-12-28 15:30:41.376  INFO 12836 --- [restartedMain] com.zaxxer.hikari.HikariDataSource       : HikariPool-1 - Starting...
2020-12-28 15:30:51.207  INFO 12836 --- [restartedMain] com.zaxxer.hikari.HikariDataSource       : HikariPool-1 - Start completed.
2020-12-28 15:30:51.217  INFO 12836 --- [restartedMain] o.s.b.a.h2.H2ConsoleAutoConfiguration    : H2 console available at '/h2-console'. Database available at 'jdbc:h2:~/test'
2020-12-28 15:30:51.545  INFO 12836 --- [restartedMain] o.s.s.concurrent.ThreadPoolTaskExecutor  : Initializing ExecutorService 'applicationTaskExecutor'
2020-12-28 15:30:51.727  INFO 12836 --- [task-1] o.hibernate.jpa.internal.util.LogHelper  : HHH000204: Processing PersistenceUnitInfo [name: default]
2020-12-28 15:30:52.189  INFO 12836 --- [task-1] org.hibernate.Version                    : HHH000412: Hibernate ORM core version 5.4.20.Final
2020-12-28 15:30:52.606  INFO 12836 --- [task-1] o.hibernate.annotations.common.Version   : HCANN000001: Hibernate Commons Annotations {5.1.0.Final}
2020-12-28 15:30:52.911  INFO 12836 --- [task-1] org.hibernate.dialect.Dialect            : HHH000400: Using dialect: org.hibernate.dialect.H2Dialect
2020-12-28 15:30:53.216  WARN 12836 --- [restartedMain] c.n.c.sources.URLConfigurationSource     : No URLs will be polled as dynamic configuration sources.
2020-12-28 15:30:53.226  INFO 12836 --- [restartedMain] c.n.c.sources.URLConfigurationSource     : To enable URLs as dynamic configuration sources, define System property archaius.configurationSource.additionalUrls or make config.properties available on classpath.
2020-12-28 15:30:53.382  WARN 12836 --- [restartedMain] JpaBaseConfiguration$JpaWebConfiguration : spring.jpa.open-in-view is enabled by default. Therefore, database queries may be performed during view rendering. Explicitly configure spring.jpa.open-in-view to disable this warning
2020-12-28 15:30:54.831  INFO 12836 --- [task-1] o.h.e.t.j.p.i.JtaPlatformInitiator       : HHH000490: Using JtaPlatform implementation: [org.hibernate.engine.transaction.jta.platform.internal.NoJtaPlatform]
2020-12-28 15:30:54.847  INFO 12836 --- [task-1] j.LocalContainerEntityManagerFactoryBean : Initialized JPA EntityManagerFactory for persistence unit 'default'
2020-12-28 15:30:55.986  INFO 12836 --- [restartedMain] o.s.cloud.commons.util.InetUtils         : Cannot determine local hostname
2020-12-28 15:30:56.118  WARN 12836 --- [task-2] o.s.b.d.a.OptionalLiveReloadServer       : Unable to start LiveReload server
2020-12-28 15:30:58.129  INFO 12836 --- [restartedMain] o.s.cloud.commons.util.InetUtils         : Cannot determine local hostname
2020-12-28 15:30:58.240  WARN 12836 --- [restartedMain] ockingLoadBalancerClientRibbonWarnLogger : You already have RibbonLoadBalancerClient on your classpath. It will be used by default. As Spring Cloud Ribbon is in maintenance mode. We recommend switching to BlockingLoadBalancerClient instead. In order to use it, set the value of `spring.cloud.loadbalancer.ribbon.enabled` to `false` or remove spring-cloud-starter-netflix-ribbon from your project.
2020-12-28 15:30:58.468  INFO 12836 --- [restartedMain] o.s.b.a.e.web.EndpointLinksResolver      : Exposing 2 endpoint(s) beneath base path '/actuator'
2020-12-28 15:30:58.530  INFO 12836 --- [restartedMain] o.s.c.n.eureka.InstanceInfoFactory       : Setting initial instance status as: STARTING
2020-12-28 15:30:58.643  INFO 12836 --- [restartedMain] com.netflix.discovery.DiscoveryClient    : Initializing Eureka in region us-east-1
2020-12-28 15:30:58.769  INFO 12836 --- [restartedMain] c.n.d.provider.DiscoveryJerseyProvider   : Using JSON encoding codec LegacyJacksonJson
2020-12-28 15:30:58.770  INFO 12836 --- [restartedMain] c.n.d.provider.DiscoveryJerseyProvider   : Using JSON decoding codec LegacyJacksonJson
2020-12-28 15:30:59.012  INFO 12836 --- [restartedMain] c.n.d.provider.DiscoveryJerseyProvider   : Using XML encoding codec XStreamXml
2020-12-28 15:30:59.013  INFO 12836 --- [restartedMain] c.n.d.provider.DiscoveryJerseyProvider   : Using XML decoding codec XStreamXml
2020-12-28 15:30:59.345  INFO 12836 --- [restartedMain] c.n.d.s.r.aws.ConfigClusterResolver      : Resolving eureka endpoints via configuration
2020-12-28 15:30:59.679  INFO 12836 --- [restartedMain] com.netflix.discovery.DiscoveryClient    : Disable delta property : false
2020-12-28 15:30:59.680  INFO 12836 --- [restartedMain] com.netflix.discovery.DiscoveryClient    : Single vip registry refresh property : null
2020-12-28 15:30:59.680  INFO 12836 --- [restartedMain] com.netflix.discovery.DiscoveryClient    : Force full registry fetch : false
2020-12-28 15:30:59.681  INFO 12836 --- [restartedMain] com.netflix.discovery.DiscoveryClient    : Application is null : false
2020-12-28 15:30:59.681  INFO 12836 --- [restartedMain] com.netflix.discovery.DiscoveryClient    : Registered Applications size is zero : true
2020-12-28 15:30:59.681  INFO 12836 --- [restartedMain] com.netflix.discovery.DiscoveryClient    : Application version is -1: true
2020-12-28 15:30:59.682  INFO 12836 --- [restartedMain] com.netflix.discovery.DiscoveryClient    : Getting all instance registry info from the eureka server
2020-12-28 15:30:59.893  INFO 12836 --- [restartedMain] com.netflix.discovery.DiscoveryClient    : The response status is 200
2020-12-28 15:30:59.897  INFO 12836 --- [restartedMain] com.netflix.discovery.DiscoveryClient    : Starting heartbeat executor: renew interval is: 30
2020-12-28 15:30:59.901  INFO 12836 --- [restartedMain] c.n.discovery.InstanceInfoReplicator     : InstanceInfoReplicator onDemand update allowed rate per min is 4
2020-12-28 15:30:59.906  INFO 12836 --- [restartedMain] com.netflix.discovery.DiscoveryClient    : Discovery Client initialized at timestamp 1609149659904 with initial instances count: 1
2020-12-28 15:30:59.909  INFO 12836 --- [restartedMain] o.s.c.n.e.s.EurekaServiceRegistry        : Registering application EMPLOYEE-SERVICE with eureka with status UP
2020-12-28 15:30:59.910  INFO 12836 --- [restartedMain] com.netflix.discovery.DiscoveryClient    : Saw local status change event StatusChangeEvent [timestamp=1609149659910, current=UP, previous=STARTING]
2020-12-28 15:30:59.913  INFO 12836 --- [DiscoveryClient-InstanceInfoReplicator-0] com.netflix.discovery.DiscoveryClient    : DiscoveryClient_EMPLOYEE-SERVICE/localhost:employee-service:8802: registering service...
2020-12-28 15:30:59.961  INFO 12836 --- [DiscoveryClient-InstanceInfoReplicator-0] com.netflix.discovery.DiscoveryClient    : DiscoveryClient_EMPLOYEE-SERVICE/localhost:employee-service:8802 - registration status: 204
2020-12-28 15:30:59.976  INFO 12836 --- [restartedMain] o.s.b.w.embedded.tomcat.TomcatWebServer  : Tomcat started on port(s): 8802 (http) with context path ''
2020-12-28 15:30:59.978  INFO 12836 --- [restartedMain] .s.c.n.e.s.EurekaAutoServiceRegistration : Updating port to 8802
2020-12-28 15:31:01.679  INFO 12836 --- [restartedMain] o.s.cloud.commons.util.InetUtils         : Cannot determine local hostname
2020-12-28 15:31:01.681  INFO 12836 --- [restartedMain] DeferredRepositoryInitializationListener : Triggering deferred initialization of Spring Data repositories…
2020-12-28 15:31:02.315  INFO 12836 --- [restartedMain] DeferredRepositoryInitializationListener : Spring Data repositories initialized!
2020-12-28 15:31:02.336  INFO 12836 --- [restartedMain] c.e.AemployeeserviceApplication          : Started AemployeeserviceApplication in 46.481 seconds (JVM running for 47.475)
2020-12-28 15:35:59.697  INFO 12836 --- [AsyncResolver-bootstrap-executor-0] c.n.d.s.r.aws.ConfigClusterResolver      : Resolving eureka endpoints via configuration
2020-12-28 15:40:59.709  INFO 12836 --- [AsyncResolver-bootstrap-executor-0] c.n.d.s.r.aws.ConfigClusterResolver      : Resolving eureka endpoints via configuration
2020-12-28 15:45:59.716  INFO 12836 --- [AsyncResolver-bootstrap-executor-0] c.n.d.s.r.aws.ConfigClusterResolver      : Resolving eureka endpoints via configuration
2020-12-28 15:50:59.721  INFO 12836 --- [AsyncResolver-bootstrap-executor-0] c.n.d.s.r.aws.ConfigClusterResolver      : Resolving eureka endpoints via configuration
2020-12-28 15:55:59.736  INFO 12836 --- [AsyncResolver-bootstrap-executor-0] c.n.d.s.r.aws.ConfigClusterResolver      : Resolving eureka endpoints via configuration
2020-12-28 16:00:59.738  INFO 12836 --- [AsyncResolver-bootstrap-executor-0] c.n.d.s.r.aws.ConfigClusterResolver      : Resolving eureka endpoints via configuration
2020-12-28 16:05:59.743  INFO 12836 --- [AsyncResolver-bootstrap-executor-0] c.n.d.s.r.aws.ConfigClusterResolver      : Resolving eureka endpoints via configuration
2020-12-28 16:10:59.767  INFO 12836 --- [AsyncResolver-bootstrap-executor-0] c.n.d.s.r.aws.ConfigClusterResolver      : Resolving eureka endpoints via configuration
2020-12-28 16:15:59.840  INFO 12836 --- [AsyncResolver-bootstrap-executor-0] c.n.d.s.r.aws.ConfigClusterResolver      : Resolving eureka endpoints via configuration
2020-12-28 16:20:59.886  INFO 12836 --- [AsyncResolver-bootstrap-executor-0] c.n.d.s.r.aws.ConfigClusterResolver      : Resolving eureka endpoints via configuration
2020-12-28 16:26:00.007  INFO 12836 --- [AsyncResolver-bootstrap-executor-0] c.n.d.s.r.aws.ConfigClusterResolver      : Resolving eureka endpoints via configuration
2020-12-28 16:31:00.011  INFO 12836 --- [AsyncResolver-bootstrap-executor-0] c.n.d.s.r.aws.ConfigClusterResolver      : Resolving eureka endpoints via configuration
2020-12-28 16:46:25.294  WARN 12836 --- [HikariPool-1 housekeeper] com.zaxxer.hikari.pool.HikariPool        : HikariPool-1 - Thread starvation or clock leap detected (housekeeper delta=14m32s419ms315µs700ns).
2020-12-28 16:50:02.453  INFO 12836 --- [AsyncResolver-bootstrap-executor-0] c.n.d.s.r.aws.ConfigClusterResolver      : Resolving eureka endpoints via configuration
2020-12-28 16:55:02.496  INFO 12836 --- [AsyncResolver-bootstrap-executor-0] c.n.d.s.r.aws.ConfigClusterResolver      : Resolving eureka endpoints via configuration
2020-12-28 17:00:02.510  INFO 12836 --- [AsyncResolver-bootstrap-executor-0] c.n.d.s.r.aws.ConfigClusterResolver      : Resolving eureka endpoints via configuration
2020-12-28 17:05:09.803  INFO 12836 --- [AsyncResolver-bootstrap-executor-0] c.n.d.s.r.aws.ConfigClusterResolver      : Resolving eureka endpoints via configuration
2020-12-28 17:09:53.336  INFO 12836 --- [http-nio-8802-exec-5] o.a.c.c.C.[Tomcat].[localhost].[/]       : Initializing Spring DispatcherServlet 'dispatcherServlet'
2020-12-28 17:09:53.452  INFO 12836 --- [http-nio-8802-exec-5] o.s.web.servlet.DispatcherServlet        : Initializing Servlet 'dispatcherServlet'
2020-12-28 17:09:56.940  INFO 12836 --- [http-nio-8802-exec-5] o.s.web.servlet.DispatcherServlet        : Completed initialization in 3487 ms
2020-12-28 17:10:09.984  INFO 12836 --- [AsyncResolver-bootstrap-executor-0] c.n.d.s.r.aws.ConfigClusterResolver      : Resolving eureka endpoints via configuration
2020-12-28 17:15:09.995  INFO 12836 --- [AsyncResolver-bootstrap-executor-0] c.n.d.s.r.aws.ConfigClusterResolver      : Resolving eureka endpoints via configuration
2020-12-28 17:20:10.002  INFO 12836 --- [AsyncResolver-bootstrap-executor-0] c.n.d.s.r.aws.ConfigClusterResolver      : Resolving eureka endpoints via configuration
2020-12-28 17:25:10.007  INFO 12836 --- [AsyncResolver-bootstrap-executor-0] c.n.d.s.r.aws.ConfigClusterResolver      : Resolving eureka endpoints via configuration
2020-12-28 17:30:10.021  INFO 12836 --- [AsyncResolver-bootstrap-executor-0] c.n.d.s.r.aws.ConfigClusterResolver      : Resolving eureka endpoints via configuration
2020-12-28 17:35:10.037  INFO 12836 --- [AsyncResolver-bootstrap-executor-0] c.n.d.s.r.aws.ConfigClusterResolver      : Resolving eureka endpoints via configuration
2020-12-28 17:40:10.049  INFO 12836 --- [AsyncResolver-bootstrap-executor-0] c.n.d.s.r.aws.ConfigClusterResolver      : Resolving eureka endpoints via configuration
2020-12-28 17:45:10.052  INFO 12836 --- [AsyncResolver-bootstrap-executor-0] c.n.d.s.r.aws.ConfigClusterResolver      : Resolving eureka endpoints via configuration
2020-12-28 17:50:10.065  INFO 12836 --- [AsyncResolver-bootstrap-executor-0] c.n.d.s.r.aws.ConfigClusterResolver      : Resolving eureka endpoints via configuration
2020-12-28 17:55:10.076  INFO 12836 --- [AsyncResolver-bootstrap-executor-0] c.n.d.s.r.aws.ConfigClusterResolver      : Resolving eureka endpoints via configuration
2020-12-28 18:50:19.994  WARN 12836 --- [HikariPool-1 housekeeper] com.zaxxer.hikari.pool.HikariPool        : HikariPool-1 - Thread starvation or clock leap detected (housekeeper delta=53m46s91ms659µs500ns).
2020-12-28 18:53:26.152  INFO 12836 --- [AsyncResolver-bootstrap-executor-0] c.n.d.s.r.aws.ConfigClusterResolver      : Resolving eureka endpoints via configuration
2020-12-28 18:57:24.640  WARN 12836 --- [HikariPool-1 housekeeper] com.zaxxer.hikari.pool.HikariPool        : HikariPool-1 - Thread starvation or clock leap detected (housekeeper delta=3m34s600ms85µs800ns).
2020-12-28 19:01:30.758  INFO 12836 --- [AsyncResolver-bootstrap-executor-0] c.n.d.s.r.aws.ConfigClusterResolver      : Resolving eureka endpoints via configuration
2020-12-28 19:03:34.118  WARN 12836 --- [HikariPool-1 housekeeper] com.zaxxer.hikari.pool.HikariPool        : HikariPool-1 - Thread starvation or clock leap detected (housekeeper delta=1m9s401ms633µs600ns).
2020-12-28 19:07:10.156  INFO 12836 --- [AsyncResolver-bootstrap-executor-0] c.n.d.s.r.aws.ConfigClusterResolver      : Resolving eureka endpoints via configuration
2020-12-28 19:12:10.165  INFO 12836 --- [AsyncResolver-bootstrap-executor-0] c.n.d.s.r.aws.ConfigClusterResolver      : Resolving eureka endpoints via configuration
2020-12-28 19:17:10.168  INFO 12836 --- [AsyncResolver-bootstrap-executor-0] c.n.d.s.r.aws.ConfigClusterResolver      : Resolving eureka endpoints via configuration
2020-12-28 19:22:10.176  INFO 12836 --- [AsyncResolver-bootstrap-executor-0] c.n.d.s.r.aws.ConfigClusterResolver      : Resolving eureka endpoints via configuration
2020-12-28 19:27:10.178  INFO 12836 --- [AsyncResolver-bootstrap-executor-0] c.n.d.s.r.aws.ConfigClusterResolver      : Resolving eureka endpoints via configuration
2020-12-28 19:32:10.188  INFO 12836 --- [AsyncResolver-bootstrap-executor-0] c.n.d.s.r.aws.ConfigClusterResolver      : Resolving eureka endpoints via configuration
2020-12-28 19:37:10.203  INFO 12836 --- [AsyncResolver-bootstrap-executor-0] c.n.d.s.r.aws.ConfigClusterResolver      : Resolving eureka endpoints via configuration
2020-12-28 19:42:10.213  INFO 12836 --- [AsyncResolver-bootstrap-executor-0] c.n.d.s.r.aws.ConfigClusterResolver      : Resolving eureka endpoints via configuration
2020-12-28 19:50:29.609  INFO 17712 --- [restartedMain] c.c.c.ConfigServicePropertySourceLocator : Fetching config from server at : http://localhost:8888
2020-12-28 19:50:37.744  INFO 17712 --- [restartedMain] c.c.c.ConfigServicePropertySourceLocator : Located environment: name=employee-service, profiles=[default], label=null, version=d1fa0737632e9273214e78eb26e4eb33653f5e52, state=null
2020-12-28 19:50:37.746  INFO 17712 --- [restartedMain] b.c.PropertySourceBootstrapConfiguration : Located property source: [BootstrapPropertySource {name='bootstrapProperties-configClient'}, BootstrapPropertySource {name='bootstrapProperties-https://github.com/udhayaspringboot/dynamicyaml/application.yaml'}]
2020-12-28 19:50:38.079  INFO 17712 --- [restartedMain] c.e.AemployeeserviceApplication          : No active profile set, falling back to default profiles: default
2020-12-28 19:50:40.351  INFO 17712 --- [restartedMain] .s.d.r.c.RepositoryConfigurationDelegate : Bootstrapping Spring Data JPA repositories in DEFERRED mode.
2020-12-28 19:50:40.693  INFO 17712 --- [restartedMain] .s.d.r.c.RepositoryConfigurationDelegate : Finished Spring Data repository scanning in 323ms. Found 1 JPA repository interfaces.
2020-12-28 19:50:41.003  WARN 17712 --- [restartedMain] o.s.boot.actuate.endpoint.EndpointId     : Endpoint ID 'service-registry' contains invalid characters, please migrate to a valid format.
2020-12-28 19:50:41.436  INFO 17712 --- [restartedMain] o.s.cloud.context.scope.GenericScope     : BeanFactory id=e47ead15-36ea-37fc-be53-5dd8284b33c3
2020-12-28 19:50:43.265  INFO 17712 --- [restartedMain] o.s.b.w.embedded.tomcat.TomcatWebServer  : Tomcat initialized with port(s): 8802 (http)
2020-12-28 19:50:43.287  INFO 17712 --- [restartedMain] o.apache.catalina.core.StandardService   : Starting service [Tomcat]
2020-12-28 19:50:43.288  INFO 17712 --- [restartedMain] org.apache.catalina.core.StandardEngine  : Starting Servlet engine: [Apache Tomcat/9.0.37]
2020-12-28 19:50:43.293  INFO 17712 --- [restartedMain] o.a.catalina.core.AprLifecycleListener   : Loaded Apache Tomcat Native library [1.2.23] using APR version [1.7.0].
2020-12-28 19:50:43.293  INFO 17712 --- [restartedMain] o.a.catalina.core.AprLifecycleListener   : APR capabilities: IPv6 [true], sendfile [true], accept filters [false], random [true].
2020-12-28 19:50:43.293  INFO 17712 --- [restartedMain] o.a.catalina.core.AprLifecycleListener   : APR/OpenSSL configuration: useAprConnector [false], useOpenSSL [true]
2020-12-28 19:50:43.299  INFO 17712 --- [restartedMain] o.a.catalina.core.AprLifecycleListener   : OpenSSL successfully initialized [OpenSSL 1.1.1c  28 May 2019]
2020-12-28 19:50:43.521  INFO 17712 --- [restartedMain] o.a.c.c.C.[Tomcat].[localhost].[/]       : Initializing Spring embedded WebApplicationContext
2020-12-28 19:50:43.522  INFO 17712 --- [restartedMain] w.s.c.ServletWebServerApplicationContext : Root WebApplicationContext: initialization completed in 5389 ms
2020-12-28 19:50:43.764  WARN 17712 --- [restartedMain] c.n.c.sources.URLConfigurationSource     : No URLs will be polled as dynamic configuration sources.
2020-12-28 19:50:43.765  INFO 17712 --- [restartedMain] c.n.c.sources.URLConfigurationSource     : To enable URLs as dynamic configuration sources, define System property archaius.configurationSource.additionalUrls or make config.properties available on classpath.
2020-12-28 19:50:43.797  INFO 17712 --- [restartedMain] c.netflix.config.DynamicPropertyFactory  : DynamicPropertyFactory is initialized with configuration sources: com.netflix.config.ConcurrentCompositeConfiguration@5b57c0e4
2020-12-28 19:50:44.010  INFO 17712 --- [restartedMain] com.zaxxer.hikari.HikariDataSource       : HikariPool-1 - Starting...
2020-12-28 19:50:53.567  INFO 17712 --- [restartedMain] com.zaxxer.hikari.HikariDataSource       : HikariPool-1 - Start completed.
2020-12-28 19:50:53.577  INFO 17712 --- [restartedMain] o.s.b.a.h2.H2ConsoleAutoConfiguration    : H2 console available at '/h2-console'. Database available at 'jdbc:h2:~/test'
2020-12-28 19:50:54.358  INFO 17712 --- [restartedMain] o.s.s.concurrent.ThreadPoolTaskExecutor  : Initializing ExecutorService 'applicationTaskExecutor'
2020-12-28 19:50:54.637  INFO 17712 --- [task-1] o.hibernate.jpa.internal.util.LogHelper  : HHH000204: Processing PersistenceUnitInfo [name: default]
2020-12-28 19:50:55.096  INFO 17712 --- [task-1] org.hibernate.Version                    : HHH000412: Hibernate ORM core version 5.4.20.Final
2020-12-28 19:50:55.885  WARN 17712 --- [restartedMain] c.n.c.sources.URLConfigurationSource     : No URLs will be polled as dynamic configuration sources.
2020-12-28 19:50:55.886  INFO 17712 --- [restartedMain] c.n.c.sources.URLConfigurationSource     : To enable URLs as dynamic configuration sources, define System property archaius.configurationSource.additionalUrls or make config.properties available on classpath.
2020-12-28 19:50:55.889  INFO 17712 --- [task-1] o.hibernate.annotations.common.Version   : HCANN000001: Hibernate Commons Annotations {5.1.0.Final}
2020-12-28 19:50:56.139  WARN 17712 --- [restartedMain] JpaBaseConfiguration$JpaWebConfiguration : spring.jpa.open-in-view is enabled by default. Therefore, database queries may be performed during view rendering. Explicitly configure spring.jpa.open-in-view to disable this warning
2020-12-28 19:51:07.270  INFO 17712 --- [task-1] org.hibernate.dialect.Dialect            : HHH000400: Using dialect: org.hibernate.dialect.H2Dialect
2020-12-28 19:51:19.986  INFO 17712 --- [restartedMain] o.s.cloud.commons.util.InetUtils         : Cannot determine local hostname
2020-12-28 19:51:28.549  INFO 17712 --- [task-1] o.h.e.t.j.p.i.JtaPlatformInitiator       : HHH000490: Using JtaPlatform implementation: [org.hibernate.engine.transaction.jta.platform.internal.NoJtaPlatform]
2020-12-28 19:51:28.681  INFO 17712 --- [task-1] j.LocalContainerEntityManagerFactoryBean : Initialized JPA EntityManagerFactory for persistence unit 'default'
2020-12-28 19:51:28.752  WARN 17712 --- [task-2] o.s.b.d.a.OptionalLiveReloadServer       : Unable to start LiveReload server
2020-12-28 19:51:31.106  INFO 17712 --- [restartedMain] o.s.cloud.commons.util.InetUtils         : Cannot determine local hostname
2020-12-28 19:51:31.243  WARN 17712 --- [restartedMain] ockingLoadBalancerClientRibbonWarnLogger : You already have RibbonLoadBalancerClient on your classpath. It will be used by default. As Spring Cloud Ribbon is in maintenance mode. We recommend switching to BlockingLoadBalancerClient instead. In order to use it, set the value of `spring.cloud.loadbalancer.ribbon.enabled` to `false` or remove spring-cloud-starter-netflix-ribbon from your project.
2020-12-28 19:51:31.364  INFO 17712 --- [restartedMain] o.s.b.a.e.web.EndpointLinksResolver      : Exposing 2 endpoint(s) beneath base path '/actuator'
2020-12-28 19:51:31.502  INFO 17712 --- [restartedMain] o.s.c.n.eureka.InstanceInfoFactory       : Setting initial instance status as: STARTING
2020-12-28 19:51:31.736  INFO 17712 --- [restartedMain] com.netflix.discovery.DiscoveryClient    : Initializing Eureka in region us-east-1
2020-12-28 19:51:31.959  INFO 17712 --- [restartedMain] c.n.d.provider.DiscoveryJerseyProvider   : Using JSON encoding codec LegacyJacksonJson
2020-12-28 19:51:31.960  INFO 17712 --- [restartedMain] c.n.d.provider.DiscoveryJerseyProvider   : Using JSON decoding codec LegacyJacksonJson
2020-12-28 19:51:32.394  INFO 17712 --- [restartedMain] c.n.d.provider.DiscoveryJerseyProvider   : Using XML encoding codec XStreamXml
2020-12-28 19:51:32.394  INFO 17712 --- [restartedMain] c.n.d.provider.DiscoveryJerseyProvider   : Using XML decoding codec XStreamXml
2020-12-28 19:51:32.973  INFO 17712 --- [restartedMain] c.n.d.s.r.aws.ConfigClusterResolver      : Resolving eureka endpoints via configuration
2020-12-28 19:51:33.397  INFO 17712 --- [restartedMain] com.netflix.discovery.DiscoveryClient    : Disable delta property : false
2020-12-28 19:51:33.398  INFO 17712 --- [restartedMain] com.netflix.discovery.DiscoveryClient    : Single vip registry refresh property : null
2020-12-28 19:51:33.398  INFO 17712 --- [restartedMain] com.netflix.discovery.DiscoveryClient    : Force full registry fetch : false
2020-12-28 19:51:33.398  INFO 17712 --- [restartedMain] com.netflix.discovery.DiscoveryClient    : Application is null : false
2020-12-28 19:51:33.399  INFO 17712 --- [restartedMain] com.netflix.discovery.DiscoveryClient    : Registered Applications size is zero : true
2020-12-28 19:51:33.399  INFO 17712 --- [restartedMain] com.netflix.discovery.DiscoveryClient    : Application version is -1: true
2020-12-28 19:51:33.399  INFO 17712 --- [restartedMain] com.netflix.discovery.DiscoveryClient    : Getting all instance registry info from the eureka server
2020-12-28 19:51:33.583  INFO 17712 --- [restartedMain] com.netflix.discovery.DiscoveryClient    : The response status is 200
2020-12-28 19:51:33.586  INFO 17712 --- [restartedMain] com.netflix.discovery.DiscoveryClient    : Starting heartbeat executor: renew interval is: 30
2020-12-28 19:51:33.593  INFO 17712 --- [restartedMain] c.n.discovery.InstanceInfoReplicator     : InstanceInfoReplicator onDemand update allowed rate per min is 4
2020-12-28 19:51:33.599  INFO 17712 --- [restartedMain] com.netflix.discovery.DiscoveryClient    : Discovery Client initialized at timestamp 1609165293598 with initial instances count: 1
2020-12-28 19:51:33.605  INFO 17712 --- [restartedMain] o.s.c.n.e.s.EurekaServiceRegistry        : Registering application EMPLOYEE-SERVICE with eureka with status UP
2020-12-28 19:51:33.607  INFO 17712 --- [restartedMain] com.netflix.discovery.DiscoveryClient    : Saw local status change event StatusChangeEvent [timestamp=1609165293607, current=UP, previous=STARTING]
2020-12-28 19:51:33.611  INFO 17712 --- [DiscoveryClient-InstanceInfoReplicator-0] com.netflix.discovery.DiscoveryClient    : DiscoveryClient_EMPLOYEE-SERVICE/localhost:employee-service:8802: registering service...
2020-12-28 19:51:33.705  INFO 17712 --- [DiscoveryClient-InstanceInfoReplicator-0] com.netflix.discovery.DiscoveryClient    : DiscoveryClient_EMPLOYEE-SERVICE/localhost:employee-service:8802 - registration status: 204
2020-12-28 19:51:33.725  INFO 17712 --- [restartedMain] o.s.b.w.embedded.tomcat.TomcatWebServer  : Tomcat started on port(s): 8802 (http) with context path ''
2020-12-28 19:51:33.727  INFO 17712 --- [restartedMain] .s.c.n.e.s.EurekaAutoServiceRegistration : Updating port to 8802
2020-12-28 19:51:35.928  INFO 17712 --- [restartedMain] o.s.cloud.commons.util.InetUtils         : Cannot determine local hostname
2020-12-28 19:51:35.929  INFO 17712 --- [restartedMain] DeferredRepositoryInitializationListener : Triggering deferred initialization of Spring Data repositories…
2020-12-28 19:51:36.963  INFO 17712 --- [restartedMain] DeferredRepositoryInitializationListener : Spring Data repositories initialized!
2020-12-28 19:51:37.003  INFO 17712 --- [restartedMain] c.e.AemployeeserviceApplication          : Started AemployeeserviceApplication in 72.338 seconds (JVM running for 73.555)
2020-12-28 19:56:33.409  INFO 17712 --- [AsyncResolver-bootstrap-executor-0] c.n.d.s.r.aws.ConfigClusterResolver      : Resolving eureka endpoints via configuration
2020-12-28 20:01:33.414  INFO 17712 --- [AsyncResolver-bootstrap-executor-0] c.n.d.s.r.aws.ConfigClusterResolver      : Resolving eureka endpoints via configuration
2020-12-28 21:49:48.892  INFO 13284 --- [restartedMain] c.c.c.ConfigServicePropertySourceLocator : Fetching config from server at : http://localhost:8888
2020-12-28 21:49:55.149  INFO 13284 --- [restartedMain] c.c.c.ConfigServicePropertySourceLocator : Located environment: name=employee-service, profiles=[default], label=null, version=d1fa0737632e9273214e78eb26e4eb33653f5e52, state=null
2020-12-28 21:49:55.151  INFO 13284 --- [restartedMain] b.c.PropertySourceBootstrapConfiguration : Located property source: [BootstrapPropertySource {name='bootstrapProperties-configClient'}, BootstrapPropertySource {name='bootstrapProperties-https://github.com/udhayaspringboot/dynamicyaml/application.yaml'}]
2020-12-28 21:49:55.303  INFO 13284 --- [restartedMain] c.e.AemployeeserviceApplication          : No active profile set, falling back to default profiles: default
2020-12-28 21:49:56.797  INFO 13284 --- [restartedMain] .s.d.r.c.RepositoryConfigurationDelegate : Bootstrapping Spring Data JPA repositories in DEFERRED mode.
2020-12-28 21:49:57.040  INFO 13284 --- [restartedMain] .s.d.r.c.RepositoryConfigurationDelegate : Finished Spring Data repository scanning in 230ms. Found 1 JPA repository interfaces.
2020-12-28 21:49:57.254  WARN 13284 --- [restartedMain] o.s.boot.actuate.endpoint.EndpointId     : Endpoint ID 'service-registry' contains invalid characters, please migrate to a valid format.
2020-12-28 21:49:57.608  INFO 13284 --- [restartedMain] o.s.cloud.context.scope.GenericScope     : BeanFactory id=e47ead15-36ea-37fc-be53-5dd8284b33c3
2020-12-28 21:49:59.084  INFO 13284 --- [restartedMain] o.s.b.w.embedded.tomcat.TomcatWebServer  : Tomcat initialized with port(s): 8802 (http)
2020-12-28 21:49:59.100  INFO 13284 --- [restartedMain] o.apache.catalina.core.StandardService   : Starting service [Tomcat]
2020-12-28 21:49:59.101  INFO 13284 --- [restartedMain] org.apache.catalina.core.StandardEngine  : Starting Servlet engine: [Apache Tomcat/9.0.37]
2020-12-28 21:49:59.105  INFO 13284 --- [restartedMain] o.a.catalina.core.AprLifecycleListener   : Loaded Apache Tomcat Native library [1.2.23] using APR version [1.7.0].
2020-12-28 21:49:59.105  INFO 13284 --- [restartedMain] o.a.catalina.core.AprLifecycleListener   : APR capabilities: IPv6 [true], sendfile [true], accept filters [false], random [true].
2020-12-28 21:49:59.105  INFO 13284 --- [restartedMain] o.a.catalina.core.AprLifecycleListener   : APR/OpenSSL configuration: useAprConnector [false], useOpenSSL [true]
2020-12-28 21:49:59.109  INFO 13284 --- [restartedMain] o.a.catalina.core.AprLifecycleListener   : OpenSSL successfully initialized [OpenSSL 1.1.1c  28 May 2019]
2020-12-28 21:49:59.269  INFO 13284 --- [restartedMain] o.a.c.c.C.[Tomcat].[localhost].[/]       : Initializing Spring embedded WebApplicationContext
2020-12-28 21:49:59.269  INFO 13284 --- [restartedMain] w.s.c.ServletWebServerApplicationContext : Root WebApplicationContext: initialization completed in 3943 ms
2020-12-28 21:49:59.457  WARN 13284 --- [restartedMain] c.n.c.sources.URLConfigurationSource     : No URLs will be polled as dynamic configuration sources.
2020-12-28 21:49:59.458  INFO 13284 --- [restartedMain] c.n.c.sources.URLConfigurationSource     : To enable URLs as dynamic configuration sources, define System property archaius.configurationSource.additionalUrls or make config.properties available on classpath.
2020-12-28 21:49:59.478  INFO 13284 --- [restartedMain] c.netflix.config.DynamicPropertyFactory  : DynamicPropertyFactory is initialized with configuration sources: com.netflix.config.ConcurrentCompositeConfiguration@f5745b5
2020-12-28 21:49:59.576  INFO 13284 --- [restartedMain] com.zaxxer.hikari.HikariDataSource       : HikariPool-1 - Starting...
2020-12-28 21:50:09.126  INFO 13284 --- [restartedMain] com.zaxxer.hikari.HikariDataSource       : HikariPool-1 - Start completed.
2020-12-28 21:50:09.135  INFO 13284 --- [restartedMain] o.s.b.a.h2.H2ConsoleAutoConfiguration    : H2 console available at '/h2-console'. Database available at 'jdbc:h2:~/test'
2020-12-28 21:50:09.497  INFO 13284 --- [restartedMain] o.s.s.concurrent.ThreadPoolTaskExecutor  : Initializing ExecutorService 'applicationTaskExecutor'
2020-12-28 21:50:09.578  INFO 13284 --- [task-1] o.hibernate.jpa.internal.util.LogHelper  : HHH000204: Processing PersistenceUnitInfo [name: default]
2020-12-28 21:50:09.717  INFO 13284 --- [task-1] org.hibernate.Version                    : HHH000412: Hibernate ORM core version 5.4.20.Final
2020-12-28 21:50:10.050  INFO 13284 --- [task-1] o.hibernate.annotations.common.Version   : HCANN000001: Hibernate Commons Annotations {5.1.0.Final}
2020-12-28 21:50:10.352  INFO 13284 --- [task-1] org.hibernate.dialect.Dialect            : HHH000400: Using dialect: org.hibernate.dialect.H2Dialect
2020-12-28 21:50:10.951  WARN 13284 --- [restartedMain] c.n.c.sources.URLConfigurationSource     : No URLs will be polled as dynamic configuration sources.
2020-12-28 21:50:10.952  INFO 13284 --- [restartedMain] c.n.c.sources.URLConfigurationSource     : To enable URLs as dynamic configuration sources, define System property archaius.configurationSource.additionalUrls or make config.properties available on classpath.
2020-12-28 21:50:11.093  WARN 13284 --- [restartedMain] JpaBaseConfiguration$JpaWebConfiguration : spring.jpa.open-in-view is enabled by default. Therefore, database queries may be performed during view rendering. Explicitly configure spring.jpa.open-in-view to disable this warning
2020-12-28 21:50:12.107  INFO 13284 --- [task-1] o.h.e.t.j.p.i.JtaPlatformInitiator       : HHH000490: Using JtaPlatform implementation: [org.hibernate.engine.transaction.jta.platform.internal.NoJtaPlatform]
2020-12-28 21:50:12.125  INFO 13284 --- [task-1] j.LocalContainerEntityManagerFactoryBean : Initialized JPA EntityManagerFactory for persistence unit 'default'
2020-12-28 21:50:13.597  INFO 13284 --- [restartedMain] o.s.cloud.commons.util.InetUtils         : Cannot determine local hostname
2020-12-28 21:50:13.761  WARN 13284 --- [task-2] o.s.b.d.a.OptionalLiveReloadServer       : Unable to start LiveReload server
2020-12-28 21:50:15.635  INFO 13284 --- [restartedMain] o.s.cloud.commons.util.InetUtils         : Cannot determine local hostname
2020-12-28 21:50:15.713  WARN 13284 --- [restartedMain] ockingLoadBalancerClientRibbonWarnLogger : You already have RibbonLoadBalancerClient on your classpath. It will be used by default. As Spring Cloud Ribbon is in maintenance mode. We recommend switching to BlockingLoadBalancerClient instead. In order to use it, set the value of `spring.cloud.loadbalancer.ribbon.enabled` to `false` or remove spring-cloud-starter-netflix-ribbon from your project.
2020-12-28 21:50:15.799  INFO 13284 --- [restartedMain] o.s.b.a.e.web.EndpointLinksResolver      : Exposing 2 endpoint(s) beneath base path '/actuator'
2020-12-28 21:50:15.854  INFO 13284 --- [restartedMain] o.s.c.n.eureka.InstanceInfoFactory       : Setting initial instance status as: STARTING
2020-12-28 21:50:15.955  INFO 13284 --- [restartedMain] com.netflix.discovery.DiscoveryClient    : Initializing Eureka in region us-east-1
2020-12-28 21:50:16.090  INFO 13284 --- [restartedMain] c.n.d.provider.DiscoveryJerseyProvider   : Using JSON encoding codec LegacyJacksonJson
2020-12-28 21:50:16.090  INFO 13284 --- [restartedMain] c.n.d.provider.DiscoveryJerseyProvider   : Using JSON decoding codec LegacyJacksonJson
2020-12-28 21:50:16.323  INFO 13284 --- [restartedMain] c.n.d.provider.DiscoveryJerseyProvider   : Using XML encoding codec XStreamXml
2020-12-28 21:50:16.324  INFO 13284 --- [restartedMain] c.n.d.provider.DiscoveryJerseyProvider   : Using XML decoding codec XStreamXml
2020-12-28 21:50:16.639  INFO 13284 --- [restartedMain] c.n.d.s.r.aws.ConfigClusterResolver      : Resolving eureka endpoints via configuration
2020-12-28 21:50:16.949  INFO 13284 --- [restartedMain] com.netflix.discovery.DiscoveryClient    : Disable delta property : false
2020-12-28 21:50:16.950  INFO 13284 --- [restartedMain] com.netflix.discovery.DiscoveryClient    : Single vip registry refresh property : null
2020-12-28 21:50:16.950  INFO 13284 --- [restartedMain] com.netflix.discovery.DiscoveryClient    : Force full registry fetch : false
2020-12-28 21:50:16.950  INFO 13284 --- [restartedMain] com.netflix.discovery.DiscoveryClient    : Application is null : false
2020-12-28 21:50:16.950  INFO 13284 --- [restartedMain] com.netflix.discovery.DiscoveryClient    : Registered Applications size is zero : true
2020-12-28 21:50:16.950  INFO 13284 --- [restartedMain] com.netflix.discovery.DiscoveryClient    : Application version is -1: true
2020-12-28 21:50:16.951  INFO 13284 --- [restartedMain] com.netflix.discovery.DiscoveryClient    : Getting all instance registry info from the eureka server
2020-12-28 21:50:17.164  INFO 13284 --- [restartedMain] com.netflix.discovery.DiscoveryClient    : The response status is 200
2020-12-28 21:50:17.167  INFO 13284 --- [restartedMain] com.netflix.discovery.DiscoveryClient    : Starting heartbeat executor: renew interval is: 30
2020-12-28 21:50:17.171  INFO 13284 --- [restartedMain] c.n.discovery.InstanceInfoReplicator     : InstanceInfoReplicator onDemand update allowed rate per min is 4
2020-12-28 21:50:17.177  INFO 13284 --- [restartedMain] com.netflix.discovery.DiscoveryClient    : Discovery Client initialized at timestamp 1609172417175 with initial instances count: 1
2020-12-28 21:50:17.180  INFO 13284 --- [restartedMain] o.s.c.n.e.s.EurekaServiceRegistry        : Registering application EMPLOYEE-SERVICE with eureka with status UP
2020-12-28 21:50:17.181  INFO 13284 --- [restartedMain] com.netflix.discovery.DiscoveryClient    : Saw local status change event StatusChangeEvent [timestamp=1609172417181, current=UP, previous=STARTING]
2020-12-28 21:50:17.184  INFO 13284 --- [DiscoveryClient-InstanceInfoReplicator-0] com.netflix.discovery.DiscoveryClient    : DiscoveryClient_EMPLOYEE-SERVICE/localhost:employee-service:8802: registering service...
2020-12-28 21:50:17.233  INFO 13284 --- [restartedMain] o.s.b.w.embedded.tomcat.TomcatWebServer  : Tomcat started on port(s): 8802 (http) with context path ''
2020-12-28 21:50:17.235  INFO 13284 --- [restartedMain] .s.c.n.e.s.EurekaAutoServiceRegistration : Updating port to 8802
2020-12-28 21:50:17.248  INFO 13284 --- [DiscoveryClient-InstanceInfoReplicator-0] com.netflix.discovery.DiscoveryClient    : DiscoveryClient_EMPLOYEE-SERVICE/localhost:employee-service:8802 - registration status: 204
2020-12-28 21:50:18.865  INFO 13284 --- [restartedMain] o.s.cloud.commons.util.InetUtils         : Cannot determine local hostname
2020-12-28 21:50:18.869  INFO 13284 --- [restartedMain] DeferredRepositoryInitializationListener : Triggering deferred initialization of Spring Data repositories…
2020-12-28 21:50:19.441  INFO 13284 --- [restartedMain] DeferredRepositoryInitializationListener : Spring Data repositories initialized!
2020-12-28 21:50:19.462  INFO 13284 --- [restartedMain] c.e.AemployeeserviceApplication          : Started AemployeeserviceApplication in 35.214 seconds (JVM running for 36.163)
2020-12-28 21:55:16.959  INFO 13284 --- [AsyncResolver-bootstrap-executor-0] c.n.d.s.r.aws.ConfigClusterResolver      : Resolving eureka endpoints via configuration
2020-12-28 22:00:16.971  INFO 13284 --- [AsyncResolver-bootstrap-executor-0] c.n.d.s.r.aws.ConfigClusterResolver      : Resolving eureka endpoints via configuration
2020-12-28 22:05:16.982  INFO 13284 --- [AsyncResolver-bootstrap-executor-0] c.n.d.s.r.aws.ConfigClusterResolver      : Resolving eureka endpoints via configuration
2020-12-28 22:10:16.992  INFO 13284 --- [AsyncResolver-bootstrap-executor-0] c.n.d.s.r.aws.ConfigClusterResolver      : Resolving eureka endpoints via configuration
2020-12-28 22:15:17.004  INFO 13284 --- [AsyncResolver-bootstrap-executor-0] c.n.d.s.r.aws.ConfigClusterResolver      : Resolving eureka endpoints via configuration
